INFO - Refreshing org.springframework.context.support.ClassPathXmlApplicationContext@4bb1aa65: startup date [Tue Feb 23 00:01:34 IST 2016]; root of context hierarchy 
INFO - Loading XML bean definitions from class path resource [spring.xml] 
DEBUG - Using JAXP provider [com.sun.org.apache.xerces.internal.jaxp.DocumentBuilderFactoryImpl] 
DEBUG - Loading schema mappings from [META-INF/spring.schemas] 
DEBUG - Loaded schema mappings: {http://www.springframework.org/schema/lang/spring-lang-2.5.xsd=org/springframework/scripting/config/spring-lang-2.5.xsd, http://www.springframework.org/schema/lang/spring-lang.xsd=org/springframework/scripting/config/spring-lang-3.0.xsd, http://www.springframework.org/schema/context/spring-context-2.5.xsd=org/springframework/context/config/spring-context-2.5.xsd, http://www.springframework.org/schema/aop/spring-aop.xsd=org/springframework/aop/config/spring-aop-3.0.xsd, http://www.springframework.org/schema/util/spring-util-3.0.xsd=org/springframework/beans/factory/xml/spring-util-3.0.xsd, http://www.springframework.org/schema/context/spring-context.xsd=org/springframework/context/config/spring-context-3.0.xsd, http://www.springframework.org/schema/util/spring-util-2.0.xsd=org/springframework/beans/factory/xml/spring-util-2.0.xsd, http://www.springframework.org/schema/task/spring-task-3.0.xsd=org/springframework/scheduling/config/spring-task-3.0.xsd, http://www.springframework.org/schema/util/spring-util-2.5.xsd=org/springframework/beans/factory/xml/spring-util-2.5.xsd, http://www.springframework.org/schema/tool/spring-tool-3.0.xsd=org/springframework/beans/factory/xml/spring-tool-3.0.xsd, http://www.springframework.org/schema/jdbc/spring-jdbc.xsd=org/springframework/jdbc/config/spring-jdbc-3.0.xsd, http://www.springframework.org/schema/tx/spring-tx-2.0.xsd=org/springframework/transaction/config/spring-tx-2.0.xsd, http://www.springframework.org/schema/tool/spring-tool-2.0.xsd=org/springframework/beans/factory/xml/spring-tool-2.0.xsd, http://www.springframework.org/schema/context/spring-context-3.0.xsd=org/springframework/context/config/spring-context-3.0.xsd, http://www.springframework.org/schema/task/spring-task.xsd=org/springframework/scheduling/config/spring-task-3.0.xsd, http://www.springframework.org/schema/tx/spring-tx-2.5.xsd=org/springframework/transaction/config/spring-tx-2.5.xsd, http://www.springframework.org/schema/tool/spring-tool-2.5.xsd=org/springframework/beans/factory/xml/spring-tool-2.5.xsd, http://www.springframework.org/schema/beans/spring-beans-2.0.xsd=org/springframework/beans/factory/xml/spring-beans-2.0.xsd, http://www.springframework.org/schema/beans/spring-beans-2.5.xsd=org/springframework/beans/factory/xml/spring-beans-2.5.xsd, http://www.springframework.org/schema/jee/spring-jee.xsd=org/springframework/ejb/config/spring-jee-3.0.xsd, http://www.springframework.org/schema/beans/spring-beans.xsd=org/springframework/beans/factory/xml/spring-beans-3.0.xsd, http://www.springframework.org/schema/tool/spring-tool.xsd=org/springframework/beans/factory/xml/spring-tool-3.0.xsd, http://www.springframework.org/schema/tx/spring-tx.xsd=org/springframework/transaction/config/spring-tx-3.0.xsd, http://www.springframework.org/schema/aop/spring-aop-3.0.xsd=org/springframework/aop/config/spring-aop-3.0.xsd, http://www.springframework.org/schema/jee/spring-jee-3.0.xsd=org/springframework/ejb/config/spring-jee-3.0.xsd, http://www.springframework.org/schema/aop/spring-aop-2.0.xsd=org/springframework/aop/config/spring-aop-2.0.xsd, http://www.springframework.org/schema/jee/spring-jee-2.0.xsd=org/springframework/ejb/config/spring-jee-2.0.xsd, http://www.springframework.org/schema/tx/spring-tx-3.0.xsd=org/springframework/transaction/config/spring-tx-3.0.xsd, http://www.springframework.org/schema/aop/spring-aop-2.5.xsd=org/springframework/aop/config/spring-aop-2.5.xsd, http://www.springframework.org/schema/jee/spring-jee-2.5.xsd=org/springframework/ejb/config/spring-jee-2.5.xsd, http://www.springframework.org/schema/beans/spring-beans-3.0.xsd=org/springframework/beans/factory/xml/spring-beans-3.0.xsd, http://www.springframework.org/schema/lang/spring-lang-3.0.xsd=org/springframework/scripting/config/spring-lang-3.0.xsd, http://www.springframework.org/schema/lang/spring-lang-2.0.xsd=org/springframework/scripting/config/spring-lang-2.0.xsd, http://www.springframework.org/schema/jdbc/spring-jdbc-3.0.xsd=org/springframework/jdbc/config/spring-jdbc-3.0.xsd, http://www.springframework.org/schema/util/spring-util.xsd=org/springframework/beans/factory/xml/spring-util-3.0.xsd} 
DEBUG - Found XML schema [http://www.springframework.org/schema/beans/spring-beans-3.0.xsd] in classpath: org/springframework/beans/factory/xml/spring-beans-3.0.xsd 
DEBUG - Found XML schema [http://www.springframework.org/schema/context/spring-context-3.0.xsd] in classpath: org/springframework/context/config/spring-context-3.0.xsd 
DEBUG - Found XML schema [http://www.springframework.org/schema/tool/spring-tool-3.0.xsd] in classpath: org/springframework/beans/factory/xml/spring-tool-3.0.xsd 
DEBUG - Loading bean definitions 
DEBUG - Loaded NamespaceHandler mappings: {http://www.springframework.org/schema/p=org.springframework.beans.factory.xml.SimplePropertyNamespaceHandler, http://www.springframework.org/schema/util=org.springframework.beans.factory.xml.UtilNamespaceHandler, http://www.springframework.org/schema/jee=org.springframework.ejb.config.JeeNamespaceHandler, http://www.springframework.org/schema/aop=org.springframework.aop.config.AopNamespaceHandler, http://www.springframework.org/schema/jdbc=org.springframework.jdbc.config.JdbcNamespaceHandler, http://www.springframework.org/schema/tx=org.springframework.transaction.config.TxNamespaceHandler, http://www.springframework.org/schema/task=org.springframework.scheduling.config.TaskNamespaceHandler, http://www.springframework.org/schema/lang=org.springframework.scripting.config.LangNamespaceHandler, http://www.springframework.org/schema/context=org.springframework.context.config.ContextNamespaceHandler} 
DEBUG - Loaded 9 bean definitions from location pattern [spring.xml] 
DEBUG - Bean factory for org.springframework.context.support.ClassPathXmlApplicationContext@4bb1aa65: org.springframework.beans.factory.support.DefaultListableBeanFactory@409cb0f4: defining beans [org.springframework.context.annotation.internalConfigurationAnnotationProcessor,org.springframework.context.annotation.internalAutowiredAnnotationProcessor,org.springframework.context.annotation.internalRequiredAnnotationProcessor,org.springframework.context.annotation.internalCommonAnnotationProcessor,org.springframework.context.annotation.internalPersistenceAnnotationProcessor,dataSource,jdbcTemp,txMgr,adao]; root of factory hierarchy 
DEBUG - Creating shared instance of singleton bean 'org.springframework.context.annotation.internalConfigurationAnnotationProcessor' 
DEBUG - Creating instance of bean 'org.springframework.context.annotation.internalConfigurationAnnotationProcessor' 
DEBUG - Eagerly caching bean 'org.springframework.context.annotation.internalConfigurationAnnotationProcessor' to allow for resolving potential circular references 
DEBUG - Finished creating instance of bean 'org.springframework.context.annotation.internalConfigurationAnnotationProcessor' 
DEBUG - Creating shared instance of singleton bean 'org.springframework.context.annotation.internalAutowiredAnnotationProcessor' 
DEBUG - Creating instance of bean 'org.springframework.context.annotation.internalAutowiredAnnotationProcessor' 
DEBUG - Eagerly caching bean 'org.springframework.context.annotation.internalAutowiredAnnotationProcessor' to allow for resolving potential circular references 
DEBUG - Finished creating instance of bean 'org.springframework.context.annotation.internalAutowiredAnnotationProcessor' 
DEBUG - Creating shared instance of singleton bean 'org.springframework.context.annotation.internalRequiredAnnotationProcessor' 
DEBUG - Creating instance of bean 'org.springframework.context.annotation.internalRequiredAnnotationProcessor' 
DEBUG - Eagerly caching bean 'org.springframework.context.annotation.internalRequiredAnnotationProcessor' to allow for resolving potential circular references 
DEBUG - Finished creating instance of bean 'org.springframework.context.annotation.internalRequiredAnnotationProcessor' 
DEBUG - Creating shared instance of singleton bean 'org.springframework.context.annotation.internalCommonAnnotationProcessor' 
DEBUG - Creating instance of bean 'org.springframework.context.annotation.internalCommonAnnotationProcessor' 
DEBUG - Eagerly caching bean 'org.springframework.context.annotation.internalCommonAnnotationProcessor' to allow for resolving potential circular references 
DEBUG - Finished creating instance of bean 'org.springframework.context.annotation.internalCommonAnnotationProcessor' 
DEBUG - Creating shared instance of singleton bean 'org.springframework.context.annotation.internalPersistenceAnnotationProcessor' 
DEBUG - Creating instance of bean 'org.springframework.context.annotation.internalPersistenceAnnotationProcessor' 
DEBUG - Eagerly caching bean 'org.springframework.context.annotation.internalPersistenceAnnotationProcessor' to allow for resolving potential circular references 
DEBUG - Finished creating instance of bean 'org.springframework.context.annotation.internalPersistenceAnnotationProcessor' 
DEBUG - Unable to locate MessageSource with name 'messageSource': using default [org.springframework.context.support.DelegatingMessageSource@73da669c] 
DEBUG - Unable to locate ApplicationEventMulticaster with name 'applicationEventMulticaster': using default [org.springframework.context.event.SimpleApplicationEventMulticaster@f06fc94] 
INFO - Pre-instantiating singletons in org.springframework.beans.factory.support.DefaultListableBeanFactory@409cb0f4: defining beans [org.springframework.context.annotation.internalConfigurationAnnotationProcessor,org.springframework.context.annotation.internalAutowiredAnnotationProcessor,org.springframework.context.annotation.internalRequiredAnnotationProcessor,org.springframework.context.annotation.internalCommonAnnotationProcessor,org.springframework.context.annotation.internalPersistenceAnnotationProcessor,dataSource,jdbcTemp,txMgr,adao]; root of factory hierarchy 
DEBUG - Returning cached instance of singleton bean 'org.springframework.context.annotation.internalConfigurationAnnotationProcessor' 
DEBUG - Returning cached instance of singleton bean 'org.springframework.context.annotation.internalAutowiredAnnotationProcessor' 
DEBUG - Returning cached instance of singleton bean 'org.springframework.context.annotation.internalRequiredAnnotationProcessor' 
DEBUG - Returning cached instance of singleton bean 'org.springframework.context.annotation.internalCommonAnnotationProcessor' 
DEBUG - Returning cached instance of singleton bean 'org.springframework.context.annotation.internalPersistenceAnnotationProcessor' 
DEBUG - Creating shared instance of singleton bean 'dataSource' 
DEBUG - Creating instance of bean 'dataSource' 
DEBUG - Eagerly caching bean 'dataSource' to allow for resolving potential circular references 
INFO - Loaded JDBC driver: com.mysql.jdbc.Driver 
DEBUG - Finished creating instance of bean 'dataSource' 
DEBUG - Creating shared instance of singleton bean 'jdbcTemp' 
DEBUG - Creating instance of bean 'jdbcTemp' 
DEBUG - Returning cached instance of singleton bean 'dataSource' 
DEBUG - Returning cached instance of singleton bean 'dataSource' 
DEBUG - Autowiring by type from bean name 'jdbcTemp' via constructor to bean named 'dataSource' 
DEBUG - Eagerly caching bean 'jdbcTemp' to allow for resolving potential circular references 
DEBUG - Invoking afterPropertiesSet() on bean with name 'jdbcTemp' 
DEBUG - Finished creating instance of bean 'jdbcTemp' 
DEBUG - Creating shared instance of singleton bean 'txMgr' 
DEBUG - Creating instance of bean 'txMgr' 
DEBUG - Returning cached instance of singleton bean 'dataSource' 
DEBUG - Autowiring by type from bean name 'txMgr' via constructor to bean named 'dataSource' 
DEBUG - Eagerly caching bean 'txMgr' to allow for resolving potential circular references 
DEBUG - Invoking afterPropertiesSet() on bean with name 'txMgr' 
DEBUG - Finished creating instance of bean 'txMgr' 
DEBUG - Creating shared instance of singleton bean 'adao' 
DEBUG - Creating instance of bean 'adao' 
DEBUG - Found injected element on class [com.spring.transaction.jdbc.JdbcAccountDAO]: AutowiredFieldElement for org.springframework.jdbc.core.JdbcTemplate com.spring.transaction.jdbc.JdbcAccountDAO.jtemp 
DEBUG - Found injected element on class [com.spring.transaction.jdbc.JdbcAccountDAO]: AutowiredFieldElement for org.springframework.jdbc.datasource.DataSourceTransactionManager com.spring.transaction.jdbc.JdbcAccountDAO.txMgr 
DEBUG - Eagerly caching bean 'adao' to allow for resolving potential circular references 
DEBUG - Processing injected method of bean 'adao': AutowiredFieldElement for org.springframework.jdbc.core.JdbcTemplate com.spring.transaction.jdbc.JdbcAccountDAO.jtemp 
DEBUG - Returning cached instance of singleton bean 'jdbcTemp' 
DEBUG - Autowiring by type from bean name 'adao' to bean named 'jdbcTemp' 
DEBUG - Processing injected method of bean 'adao': AutowiredFieldElement for org.springframework.jdbc.datasource.DataSourceTransactionManager com.spring.transaction.jdbc.JdbcAccountDAO.txMgr 
DEBUG - Returning cached instance of singleton bean 'txMgr' 
DEBUG - Autowiring by type from bean name 'adao' to bean named 'txMgr' 
DEBUG - Finished creating instance of bean 'adao' 
DEBUG - Unable to locate LifecycleProcessor with name 'lifecycleProcessor': using default [org.springframework.context.support.DefaultLifecycleProcessor@7402d5a] 
DEBUG - Returning cached instance of singleton bean 'lifecycleProcessor' 
DEBUG - Returning cached instance of singleton bean 'adao' 
DEBUG - Executing prepared SQL query 
DEBUG - Executing prepared SQL statement [select bal from accounts where accno=?] 
DEBUG - Fetching JDBC Connection from DataSource 
DEBUG - Creating new JDBC DriverManager Connection to [jdbc:mysql://localhost/springdb] 
DEBUG - Returning JDBC Connection to DataSource 
DEBUG - Executing prepared SQL query 
DEBUG - Executing prepared SQL statement [select bal from accounts where accno=?] 
DEBUG - Fetching JDBC Connection from DataSource 
DEBUG - Creating new JDBC DriverManager Connection to [jdbc:mysql://localhost/springdb] 
DEBUG - Returning JDBC Connection to DataSource 
DEBUG - Creating new transaction with name [null]: PROPAGATION_REQUIRED,ISOLATION_DEFAULT 
DEBUG - Creating new JDBC DriverManager Connection to [jdbc:mysql://localhost/springdb] 
DEBUG - Acquired Connection [com.mysql.jdbc.Connection@6d7e845a] for JDBC transaction 
DEBUG - Switching JDBC Connection [com.mysql.jdbc.Connection@6d7e845a] to manual commit 
DEBUG - Executing prepared SQL query 
DEBUG - Executing prepared SQL statement [select bal from accounts where accno = ?] 
DEBUG - Executing prepared SQL update 
DEBUG - Executing prepared SQL statement [update accounts set bal=? where accno=?] 
DEBUG - SQL update affected 1 rows 
DEBUG - Initiating transaction commit 
DEBUG - Committing JDBC transaction on Connection [com.mysql.jdbc.Connection@6d7e845a] 
DEBUG - Releasing JDBC Connection [com.mysql.jdbc.Connection@6d7e845a] after transaction 
DEBUG - Returning JDBC Connection to DataSource 
DEBUG - Creating new transaction with name [null]: PROPAGATION_REQUIRED,ISOLATION_DEFAULT 
DEBUG - Creating new JDBC DriverManager Connection to [jdbc:mysql://localhost/springdb] 
DEBUG - Acquired Connection [com.mysql.jdbc.Connection@1e81a197] for JDBC transaction 
DEBUG - Switching JDBC Connection [com.mysql.jdbc.Connection@1e81a197] to manual commit 
DEBUG - Executing prepared SQL query 
DEBUG - Executing prepared SQL statement [select bal from accounts where accno=?] 
DEBUG - Executing prepared SQL update 
DEBUG - Executing prepared SQL statement [update accounts set bal=? where accno=?] 
DEBUG - SQL update affected 1 rows 
DEBUG - Initiating transaction commit 
DEBUG - Committing JDBC transaction on Connection [com.mysql.jdbc.Connection@1e81a197] 
DEBUG - Releasing JDBC Connection [com.mysql.jdbc.Connection@1e81a197] after transaction 
DEBUG - Returning JDBC Connection to DataSource 
DEBUG - Executing prepared SQL query 
DEBUG - Executing prepared SQL statement [select bal from accounts where accno=?] 
DEBUG - Fetching JDBC Connection from DataSource 
DEBUG - Creating new JDBC DriverManager Connection to [jdbc:mysql://localhost/springdb] 
DEBUG - Returning JDBC Connection to DataSource 
DEBUG - Executing prepared SQL query 
DEBUG - Executing prepared SQL statement [select bal from accounts where accno=?] 
DEBUG - Fetching JDBC Connection from DataSource 
DEBUG - Creating new JDBC DriverManager Connection to [jdbc:mysql://localhost/springdb] 
DEBUG - Returning JDBC Connection to DataSource 
DEBUG - Executing prepared SQL query 
DEBUG - Executing prepared SQL statement [select bal from accounts where accno=?] 
DEBUG - Fetching JDBC Connection from DataSource 
DEBUG - Creating new JDBC DriverManager Connection to [jdbc:mysql://localhost/springdb] 
DEBUG - Returning JDBC Connection to DataSource 
DEBUG - Executing prepared SQL query 
DEBUG - Executing prepared SQL statement [select bal from accounts where accno=?] 
DEBUG - Fetching JDBC Connection from DataSource 
DEBUG - Creating new JDBC DriverManager Connection to [jdbc:mysql://localhost/springdb] 
DEBUG - Returning JDBC Connection to DataSource 
DEBUG - Creating new transaction with name [null]: PROPAGATION_REQUIRED,ISOLATION_DEFAULT 
DEBUG - Creating new JDBC DriverManager Connection to [jdbc:mysql://localhost/springdb] 
DEBUG - Acquired Connection [com.mysql.jdbc.Connection@59d0d45b] for JDBC transaction 
DEBUG - Switching JDBC Connection [com.mysql.jdbc.Connection@59d0d45b] to manual commit 
DEBUG - Executing prepared SQL query 
DEBUG - Executing prepared SQL statement [select bal from accounts where accno=?] 
DEBUG - Executing prepared SQL update 
DEBUG - Executing prepared SQL statement [update accounts set bal=? where accno=?] 
DEBUG - SQL update affected 1 rows 
DEBUG - Executing prepared SQL query 
DEBUG - Executing prepared SQL statement [select bal from accounts where accno=?] 
DEBUG - Executing prepared SQL query 
DEBUG - Executing prepared SQL statement [select bal from accounts where accno=?] 
DEBUG - Executing prepared SQL update 
DEBUG - Executing prepared SQL statement [update accounts set bal=? where accno=?] 
DEBUG - SQL update affected 1 rows 
DEBUG - Initiating transaction commit 
DEBUG - Committing JDBC transaction on Connection [com.mysql.jdbc.Connection@59d0d45b] 
DEBUG - Releasing JDBC Connection [com.mysql.jdbc.Connection@59d0d45b] after transaction 
DEBUG - Returning JDBC Connection to DataSource 
DEBUG - Executing prepared SQL query 
DEBUG - Executing prepared SQL statement [select bal from accounts where accno=?] 
DEBUG - Fetching JDBC Connection from DataSource 
DEBUG - Creating new JDBC DriverManager Connection to [jdbc:mysql://localhost/springdb] 
DEBUG - Returning JDBC Connection to DataSource 
DEBUG - Executing prepared SQL query 
DEBUG - Executing prepared SQL statement [select bal from accounts where accno=?] 
DEBUG - Fetching JDBC Connection from DataSource 
DEBUG - Creating new JDBC DriverManager Connection to [jdbc:mysql://localhost/springdb] 
DEBUG - Returning JDBC Connection to DataSource 
