INFO - Refreshing org.springframework.context.support.ClassPathXmlApplicationContext@79801c: startup date [Tue Feb 23 01:18:27 IST 2016]; root of context hierarchy 
INFO - Loading XML bean definitions from class path resource [spring.xml] 
DEBUG - Using JAXP provider [org.apache.xerces.jaxp.DocumentBuilderFactoryImpl] 
DEBUG - Trying to resolve XML entity with public id [null] and system id [http://www.springframework.org/schema/beans/spring-beans-3.0.xsd] 
DEBUG - Loading schema mappings from [META-INF/spring.schemas] 
DEBUG - Loaded schema mappings: {http://www.springframework.org/schema/lang/spring-lang-2.5.xsd=org/springframework/scripting/config/spring-lang-2.5.xsd, http://www.springframework.org/schema/lang/spring-lang.xsd=org/springframework/scripting/config/spring-lang-3.0.xsd, http://www.springframework.org/schema/context/spring-context-2.5.xsd=org/springframework/context/config/spring-context-2.5.xsd, http://www.springframework.org/schema/aop/spring-aop.xsd=org/springframework/aop/config/spring-aop-3.0.xsd, http://www.springframework.org/schema/util/spring-util-3.0.xsd=org/springframework/beans/factory/xml/spring-util-3.0.xsd, http://www.springframework.org/schema/context/spring-context.xsd=org/springframework/context/config/spring-context-3.0.xsd, http://www.springframework.org/schema/util/spring-util-2.0.xsd=org/springframework/beans/factory/xml/spring-util-2.0.xsd, http://www.springframework.org/schema/task/spring-task-3.0.xsd=org/springframework/scheduling/config/spring-task-3.0.xsd, http://www.springframework.org/schema/util/spring-util-2.5.xsd=org/springframework/beans/factory/xml/spring-util-2.5.xsd, http://www.springframework.org/schema/tool/spring-tool-3.0.xsd=org/springframework/beans/factory/xml/spring-tool-3.0.xsd, http://www.springframework.org/schema/jdbc/spring-jdbc.xsd=org/springframework/jdbc/config/spring-jdbc-3.0.xsd, http://www.springframework.org/schema/tx/spring-tx-2.0.xsd=org/springframework/transaction/config/spring-tx-2.0.xsd, http://www.springframework.org/schema/tool/spring-tool-2.0.xsd=org/springframework/beans/factory/xml/spring-tool-2.0.xsd, http://www.springframework.org/schema/context/spring-context-3.0.xsd=org/springframework/context/config/spring-context-3.0.xsd, http://www.springframework.org/schema/task/spring-task.xsd=org/springframework/scheduling/config/spring-task-3.0.xsd, http://www.springframework.org/schema/tx/spring-tx-2.5.xsd=org/springframework/transaction/config/spring-tx-2.5.xsd, http://www.springframework.org/schema/tool/spring-tool-2.5.xsd=org/springframework/beans/factory/xml/spring-tool-2.5.xsd, http://www.springframework.org/schema/beans/spring-beans-2.0.xsd=org/springframework/beans/factory/xml/spring-beans-2.0.xsd, http://www.springframework.org/schema/beans/spring-beans-2.5.xsd=org/springframework/beans/factory/xml/spring-beans-2.5.xsd, http://www.springframework.org/schema/jee/spring-jee.xsd=org/springframework/ejb/config/spring-jee-3.0.xsd, http://www.springframework.org/schema/beans/spring-beans.xsd=org/springframework/beans/factory/xml/spring-beans-3.0.xsd, http://www.springframework.org/schema/tool/spring-tool.xsd=org/springframework/beans/factory/xml/spring-tool-3.0.xsd, http://www.springframework.org/schema/tx/spring-tx.xsd=org/springframework/transaction/config/spring-tx-3.0.xsd, http://www.springframework.org/schema/aop/spring-aop-3.0.xsd=org/springframework/aop/config/spring-aop-3.0.xsd, http://www.springframework.org/schema/jee/spring-jee-3.0.xsd=org/springframework/ejb/config/spring-jee-3.0.xsd, http://www.springframework.org/schema/aop/spring-aop-2.0.xsd=org/springframework/aop/config/spring-aop-2.0.xsd, http://www.springframework.org/schema/jee/spring-jee-2.0.xsd=org/springframework/ejb/config/spring-jee-2.0.xsd, http://www.springframework.org/schema/tx/spring-tx-3.0.xsd=org/springframework/transaction/config/spring-tx-3.0.xsd, http://www.springframework.org/schema/aop/spring-aop-2.5.xsd=org/springframework/aop/config/spring-aop-2.5.xsd, http://www.springframework.org/schema/jee/spring-jee-2.5.xsd=org/springframework/ejb/config/spring-jee-2.5.xsd, http://www.springframework.org/schema/beans/spring-beans-3.0.xsd=org/springframework/beans/factory/xml/spring-beans-3.0.xsd, http://www.springframework.org/schema/lang/spring-lang-3.0.xsd=org/springframework/scripting/config/spring-lang-3.0.xsd, http://www.springframework.org/schema/lang/spring-lang-2.0.xsd=org/springframework/scripting/config/spring-lang-2.0.xsd, http://www.springframework.org/schema/jdbc/spring-jdbc-3.0.xsd=org/springframework/jdbc/config/spring-jdbc-3.0.xsd, http://www.springframework.org/schema/util/spring-util.xsd=org/springframework/beans/factory/xml/spring-util-3.0.xsd} 
DEBUG - Found XML schema [http://www.springframework.org/schema/beans/spring-beans-3.0.xsd] in classpath: org/springframework/beans/factory/xml/spring-beans-3.0.xsd 
DEBUG - Trying to resolve XML entity with public id [null] and system id [http://www.springframework.org/schema/context/spring-context-3.0.xsd] 
DEBUG - Found XML schema [http://www.springframework.org/schema/context/spring-context-3.0.xsd] in classpath: org/springframework/context/config/spring-context-3.0.xsd 
DEBUG - Trying to resolve XML entity with public id [null] and system id [http://www.springframework.org/schema/tool/spring-tool-3.0.xsd] 
DEBUG - Found XML schema [http://www.springframework.org/schema/tool/spring-tool-3.0.xsd] in classpath: org/springframework/beans/factory/xml/spring-tool-3.0.xsd 
DEBUG - Loading bean definitions 
DEBUG - Loaded NamespaceHandler mappings: {http://www.springframework.org/schema/p=org.springframework.beans.factory.xml.SimplePropertyNamespaceHandler, http://www.springframework.org/schema/util=org.springframework.beans.factory.xml.UtilNamespaceHandler, http://www.springframework.org/schema/jee=org.springframework.ejb.config.JeeNamespaceHandler, http://www.springframework.org/schema/aop=org.springframework.aop.config.AopNamespaceHandler, http://www.springframework.org/schema/jdbc=org.springframework.jdbc.config.JdbcNamespaceHandler, http://www.springframework.org/schema/tx=org.springframework.transaction.config.TxNamespaceHandler, http://www.springframework.org/schema/task=org.springframework.scheduling.config.TaskNamespaceHandler, http://www.springframework.org/schema/lang=org.springframework.scripting.config.LangNamespaceHandler, http://www.springframework.org/schema/context=org.springframework.context.config.ContextNamespaceHandler} 
DEBUG - Loaded 9 bean definitions from location pattern [spring.xml] 
DEBUG - Bean factory for org.springframework.context.support.ClassPathXmlApplicationContext@79801c: org.springframework.beans.factory.support.DefaultListableBeanFactory@da2610: defining beans [org.springframework.context.annotation.internalConfigurationAnnotationProcessor,org.springframework.context.annotation.internalAutowiredAnnotationProcessor,org.springframework.context.annotation.internalRequiredAnnotationProcessor,org.springframework.context.annotation.internalCommonAnnotationProcessor,org.springframework.context.annotation.internalPersistenceAnnotationProcessor,emFactory,jpaTemp,txMgr,adao]; root of factory hierarchy 
DEBUG - Creating shared instance of singleton bean 'org.springframework.context.annotation.internalConfigurationAnnotationProcessor' 
DEBUG - Creating instance of bean 'org.springframework.context.annotation.internalConfigurationAnnotationProcessor' 
DEBUG - Eagerly caching bean 'org.springframework.context.annotation.internalConfigurationAnnotationProcessor' to allow for resolving potential circular references 
DEBUG - Finished creating instance of bean 'org.springframework.context.annotation.internalConfigurationAnnotationProcessor' 
DEBUG - Creating shared instance of singleton bean 'org.springframework.context.annotation.internalAutowiredAnnotationProcessor' 
DEBUG - Creating instance of bean 'org.springframework.context.annotation.internalAutowiredAnnotationProcessor' 
DEBUG - Eagerly caching bean 'org.springframework.context.annotation.internalAutowiredAnnotationProcessor' to allow for resolving potential circular references 
DEBUG - Finished creating instance of bean 'org.springframework.context.annotation.internalAutowiredAnnotationProcessor' 
DEBUG - Creating shared instance of singleton bean 'org.springframework.context.annotation.internalRequiredAnnotationProcessor' 
DEBUG - Creating instance of bean 'org.springframework.context.annotation.internalRequiredAnnotationProcessor' 
DEBUG - Eagerly caching bean 'org.springframework.context.annotation.internalRequiredAnnotationProcessor' to allow for resolving potential circular references 
DEBUG - Finished creating instance of bean 'org.springframework.context.annotation.internalRequiredAnnotationProcessor' 
DEBUG - Creating shared instance of singleton bean 'org.springframework.context.annotation.internalCommonAnnotationProcessor' 
DEBUG - Creating instance of bean 'org.springframework.context.annotation.internalCommonAnnotationProcessor' 
DEBUG - Eagerly caching bean 'org.springframework.context.annotation.internalCommonAnnotationProcessor' to allow for resolving potential circular references 
DEBUG - Finished creating instance of bean 'org.springframework.context.annotation.internalCommonAnnotationProcessor' 
DEBUG - Creating shared instance of singleton bean 'org.springframework.context.annotation.internalPersistenceAnnotationProcessor' 
DEBUG - Creating instance of bean 'org.springframework.context.annotation.internalPersistenceAnnotationProcessor' 
DEBUG - Eagerly caching bean 'org.springframework.context.annotation.internalPersistenceAnnotationProcessor' to allow for resolving potential circular references 
DEBUG - Finished creating instance of bean 'org.springframework.context.annotation.internalPersistenceAnnotationProcessor' 
DEBUG - Unable to locate MessageSource with name 'messageSource': using default [org.springframework.context.support.DelegatingMessageSource@1a04d30] 
DEBUG - Unable to locate ApplicationEventMulticaster with name 'applicationEventMulticaster': using default [org.springframework.context.event.SimpleApplicationEventMulticaster@1c8132a] 
INFO - Pre-instantiating singletons in org.springframework.beans.factory.support.DefaultListableBeanFactory@da2610: defining beans [org.springframework.context.annotation.internalConfigurationAnnotationProcessor,org.springframework.context.annotation.internalAutowiredAnnotationProcessor,org.springframework.context.annotation.internalRequiredAnnotationProcessor,org.springframework.context.annotation.internalCommonAnnotationProcessor,org.springframework.context.annotation.internalPersistenceAnnotationProcessor,emFactory,jpaTemp,txMgr,adao]; root of factory hierarchy 
DEBUG - Returning cached instance of singleton bean 'org.springframework.context.annotation.internalConfigurationAnnotationProcessor' 
DEBUG - Returning cached instance of singleton bean 'org.springframework.context.annotation.internalAutowiredAnnotationProcessor' 
DEBUG - Returning cached instance of singleton bean 'org.springframework.context.annotation.internalRequiredAnnotationProcessor' 
DEBUG - Returning cached instance of singleton bean 'org.springframework.context.annotation.internalCommonAnnotationProcessor' 
DEBUG - Returning cached instance of singleton bean 'org.springframework.context.annotation.internalPersistenceAnnotationProcessor' 
DEBUG - Creating shared instance of singleton bean 'emFactory' 
DEBUG - Creating instance of bean 'emFactory' 
DEBUG - Eagerly caching bean 'emFactory' to allow for resolving potential circular references 
DEBUG - Getting BeanInfo for class [org.springframework.orm.jpa.LocalEntityManagerFactoryBean] 
DEBUG - Caching PropertyDescriptors for class [org.springframework.orm.jpa.LocalEntityManagerFactoryBean] 
DEBUG - Found bean property 'beanClassLoader' of type [java.lang.ClassLoader] 
DEBUG - Found bean property 'beanFactory' of type [org.springframework.beans.factory.BeanFactory] 
DEBUG - Found bean property 'beanName' of type [java.lang.String] 
DEBUG - Found bean property 'class' of type [java.lang.Class] 
DEBUG - Found bean property 'dataSource' of type [javax.sql.DataSource] 
DEBUG - Found bean property 'entityManagerFactoryInterface' of type [java.lang.Class] 
DEBUG - Found bean property 'entityManagerInterface' of type [java.lang.Class] 
DEBUG - Found bean property 'jpaDialect' of type [org.springframework.orm.jpa.JpaDialect] 
DEBUG - Found bean property 'jpaProperties' of type [java.util.Properties] 
DEBUG - Found bean property 'jpaPropertyMap' of type [java.util.Map] 
DEBUG - Found bean property 'jpaVendorAdapter' of type [org.springframework.orm.jpa.JpaVendorAdapter] 
DEBUG - Found bean property 'nativeEntityManagerFactory' of type [javax.persistence.EntityManagerFactory] 
DEBUG - Found bean property 'object' of type [javax.persistence.EntityManagerFactory] 
DEBUG - Found bean property 'objectType' of type [java.lang.Class] 
DEBUG - Found bean property 'persistenceProvider' of type [javax.persistence.spi.PersistenceProvider] 
DEBUG - Found bean property 'persistenceProviderClass' of type [java.lang.Class] 
DEBUG - Found bean property 'persistenceUnitInfo' of type [javax.persistence.spi.PersistenceUnitInfo] 
DEBUG - Found bean property 'persistenceUnitName' of type [java.lang.String] 
DEBUG - Found bean property 'singleton' of type [boolean] 
DEBUG - Invoking afterPropertiesSet() on bean with name 'emFactory' 
INFO - Building JPA EntityManagerFactory for persistence unit 'JLCINDIA-PU' 
INFO - Hibernate Annotations 3.3.1.GA 
INFO - Hibernate 3.2.7 
INFO - hibernate.properties not found 
INFO - Bytecode provider name : cglib 
INFO - using JDK 1.4 java.sql.Timestamp handling 
INFO - Hibernate EntityManager 3.3.2.GA 
DEBUG - Look up for persistence unit: JLCINDIA-PU 
DEBUG - Analysing persistence.xml: file:/D:/Development/EclipseMarsProjects/Spring/Transactions%20(myeclipse)/Lab57/bin/META-INF/persistence.xml 
DEBUG - trying to resolve system-id [http://java.sun.com/xml/ns/persistence/persistence_1_0.xsd] 
DEBUG - recognized EJB3 ORM namespace; attempting to resolve on classpath under org/hibernate/ejb 
DEBUG - located [http://java.sun.com/xml/ns/persistence/persistence_1_0.xsd] in classpath 
DEBUG - Persistent Unit name from persistence.xml: JLCINDIA-PU 
DEBUG - PersistenceMetadata [
	name: JLCINDIA-PU
	jtaDataSource: null
	nonJtaDataSource: null
	transactionType: RESOURCE_LOCAL
	provider: org.hibernate.ejb.HibernatePersistence
	classes[
		com.spring.transaction.jpa.Account	]
	packages[
	]
	mappingFiles[
	]
	jarFiles[
	]
	hbmfiles: 0
	properties[
		hibernate.connection.username: root
		hibernate.connection.password: toor
		hibernate.connection.url: jdbc:mysql://localhost/springdb
		hibernate.connection.driver_class: com.mysql.jdbc.Driver
	]] 
DEBUG - JAR URL from URL Entry: file:/D:/Development/EclipseMarsProjects/Spring/Transactions%20(myeclipse)/Lab57/bin/META-INF/persistence.xml >> file:/D:/Development/EclipseMarsProjects/Spring/Transactions%20(myeclipse)/Lab57/bin 
DEBUG - Detect class: true; detect hbm: true 
DEBUG - Searching mapped entities in jar/par: file:/D:/Development/EclipseMarsProjects/Spring/Transactions%20(myeclipse)/Lab57/bin 
DEBUG - Filtering: com.spring.transaction.jpa.Account 
DEBUG - Java element filter matched for com.spring.transaction.jpa.Account 
DEBUG - Filtering: com.spring.transaction.jpa.AccountDAO 
DEBUG - Filtering: com.spring.transaction.jpa.InsufficientFundsException 
DEBUG - Filtering: com.spring.transaction.jpa.JpaAccountDAO 
DEBUG - Filtering: com.spring.transaction.jpa.Lab57 
DEBUG - Detect class: true; detect hbm: true 
DEBUG - Creating Factory: JLCINDIA-PU 
DEBUG - Execute first pass mapping processing 
DEBUG - Process hbm files 
DEBUG - Process annotated classes 
INFO - Binding entity from annotated class: com.spring.transaction.jpa.Account 
DEBUG - Binding column DTYPE unique false 
DEBUG - Import with entity name=Account 
INFO - Bind entity com.spring.transaction.jpa.Account on table accounts 
DEBUG - Processing com.spring.transaction.jpa.Account property annotation 
DEBUG - Processing com.spring.transaction.jpa.Account field annotation 
DEBUG - Processing annotations of com.spring.transaction.jpa.Account.accno 
DEBUG - Binding column accno unique false 
DEBUG - accno is an id 
DEBUG - building SimpleValue for accno 
DEBUG - Building property accno 
DEBUG - Cascading accno with null 
DEBUG - Bind @Id on accno 
DEBUG - Processing annotations of com.spring.transaction.jpa.Account.atype 
DEBUG - Binding column atype unique false 
DEBUG - binding property atype with lazy=false 
DEBUG - building SimpleValue for atype 
DEBUG - Building property atype 
DEBUG - Cascading atype with null 
DEBUG - Processing annotations of com.spring.transaction.jpa.Account.bal 
DEBUG - Binding column bal unique false 
DEBUG - binding property bal with lazy=false 
DEBUG - building SimpleValue for bal 
DEBUG - Building property bal 
DEBUG - Cascading bal with null 
DEBUG - processing fk mappings (*ToOne and JoinedSubclass) 
DEBUG - processing extends queue 
DEBUG - processing collection mappings 
DEBUG - processing native query and ResultSetMapping mappings 
DEBUG - processing association property references 
DEBUG - processing foreign key constraints 
INFO - Hibernate Validator 3.0.0.GA 
DEBUG - ResourceBundle ValidatorMessages not found in thread context classloader 
DEBUG - ResourceBundle ValidatorMessages not found in Validator classloader. Delegate to org.hibernate.validator.resources.DefaultValidatorMessages 
DEBUG - No JNDI name configured for binding Ejb3Configuration 
DEBUG - Search not present in classpath, ignoring event listener registration 
DEBUG - Preparing to build session factory with filters : {} 
DEBUG - Execute first pass mapping processing 
DEBUG - Process hbm files 
DEBUG - Process annotated classes 
DEBUG - processing fk mappings (*ToOne and JoinedSubclass) 
DEBUG - processing extends queue 
DEBUG - processing collection mappings 
DEBUG - processing native query and ResultSetMapping mappings 
DEBUG - processing association property references 
DEBUG - processing foreign key constraints 
DEBUG - ResourceBundle ValidatorMessages not found in thread context classloader 
DEBUG - ResourceBundle ValidatorMessages not found in Validator classloader. Delegate to org.hibernate.validator.resources.DefaultValidatorMessages 
INFO - Using Hibernate built-in connection pool (not for production use!) 
INFO - Hibernate connection pool size: 20 
INFO - autocommit mode: true 
INFO - using driver: com.mysql.jdbc.Driver at URL: jdbc:mysql://localhost/springdb 
INFO - connection properties: {user=root, password=toor, autocommit=true, release_mode=auto} 
DEBUG - total checked-out connections: 0 
DEBUG - opening new JDBC connection 
DEBUG - created connection to: jdbc:mysql://localhost/springdb, Isolation Level: 4 
INFO - RDBMS: MySQL, version: 5.5.1-m2-community 
INFO - JDBC driver: MySQL-AB JDBC Driver, version: mysql-connector-java-5.0.8 ( Revision: ${svn.Revision} ) 
DEBUG - returning connection to pool, pool size: 1 
INFO - Using dialect: org.hibernate.dialect.MySQLDialect 
INFO - Transaction strategy: org.hibernate.transaction.JDBCTransactionFactory 
INFO - No TransactionManagerLookup configured (in JTA environment, use of read-write or transactional second-level cache is not recommended) 
INFO - Automatic flush during beforeCompletion(): disabled 
INFO - Automatic session close at end of transaction: disabled 
INFO - JDBC batch size: 15 
INFO - JDBC batch updates for versioned data: disabled 
INFO - Scrollable result sets: enabled 
DEBUG - Wrap result sets: disabled 
INFO - JDBC3 getGeneratedKeys(): enabled 
INFO - Connection release mode: auto 
INFO - Maximum outer join fetch depth: 2 
INFO - Default batch fetch size: 1 
INFO - Generate SQL with comments: disabled 
INFO - Order SQL updates by primary key: disabled 
INFO - Order SQL inserts for batching: disabled 
INFO - Query translator: org.hibernate.hql.ast.ASTQueryTranslatorFactory 
INFO - Using ASTQueryTranslatorFactory 
INFO - Query language substitutions: {} 
INFO - JPA-QL strict compliance: enabled 
INFO - Second-level cache: enabled 
INFO - Query cache: disabled 
INFO - Cache provider: org.hibernate.cache.NoCacheProvider 
INFO - Optimize cache for minimal puts: disabled 
INFO - Structured second-level cache entries: disabled 
DEBUG - Using dialect defined converter 
INFO - Statistics: disabled 
INFO - Deleted entity synthetic identifier rollback: disabled 
INFO - Default entity-mode: pojo 
INFO - Named query checking : enabled 
DEBUG - ResourceBundle ValidatorMessages not found in thread context classloader 
DEBUG - ResourceBundle ValidatorMessages not found in Validator classloader. Delegate to org.hibernate.validator.resources.DefaultValidatorMessages 
INFO - building session factory 
DEBUG - Session factory constructed with filter configurations : {} 
DEBUG - instantiating session factory with properties: {java.runtime.name=Java(TM) SE Runtime Environment, hibernate.connection.password=toor, sun.boot.library.path=C:\Program Files (x86)\Java\jdk1.7.0_25\jre\bin, java.vm.version=23.25-b01, hibernate.connection.username=root, java.vm.vendor=Oracle Corporation, java.vendor.url=http://java.oracle.com/, path.separator=;, java.vm.name=Java HotSpot(TM) Client VM, file.encoding.pkg=sun.io, user.script=, user.country=US, sun.java.launcher=SUN_STANDARD, sun.os.patch.level=, java.vm.specification.name=Java Virtual Machine Specification, user.dir=D:\Development\EclipseMarsProjects\Spring\Transactions (myeclipse)\Lab57, java.runtime.version=1.7.0_25-b17, hibernate.ejb.discard_pc_on_close=false, java.awt.graphicsenv=sun.awt.Win32GraphicsEnvironment, java.endorsed.dirs=C:\Program Files (x86)\Java\jdk1.7.0_25\jre\lib\endorsed, os.arch=x86, hibernate.connection.autocommit=true, java.io.tmpdir=C:\Users\Object\AppData\Local\Temp\, line.separator=
, java.vm.specification.vendor=Oracle Corporation, user.variant=, os.name=Windows 8, sun.jnu.encoding=Cp1252, java.library.path=C:\Program Files (x86)\Java\jdk1.7.0_25\bin;C:\WINDOWS\Sun\Java\bin;C:\WINDOWS\system32;C:\WINDOWS;C:\ProgramData\Oracle\Java\javapath;C:\WINDOWS\system32;C:\WINDOWS;C:\WINDOWS\System32\Wbem;C:\WINDOWS\System32\WindowsPowerShell\v1.0\;C:\Program Files (x86)\Common Files\lenovo\easyplussdk\bin;C:\Program Files (x86)\Calibre2\;C:\Program Files (x86)\Skype\Phone\;C:\Program Files (x86)\MySQL\MySQL Server 5.5\bin;C:\Program Files\Java\jdk1.8.0_72\bin;E:\run;D:\Development\apache-maven-3.3.9\bin;C:\Program Files (x86)\Java\jdk1.8.0_65\bin;C:\oraclexe\app\oracle\product\10.2.0\server\BIN;C:\mypath;., java.specification.name=Java Platform API Specification, java.class.version=51.0, sun.management.compiler=HotSpot Client Compiler, hibernate.transaction.factory_class=org.hibernate.transaction.JDBCTransactionFactory, os.version=6.2, user.home=C:\Users\Object, user.timezone=Asia/Calcutta, java.awt.printerjob=sun.awt.windows.WPrinterJob, hibernate.connection.release_mode=auto, java.specification.version=1.7, file.encoding=Cp1252, hibernate.connection.driver_class=com.mysql.jdbc.Driver, user.name=Object, java.class.path=D:\Development\EclipseMarsProjects\Spring\Transactions (myeclipse)\Lab57\bin;E:\Windows 10 Apps\myEclipse\MyEclipse 10\configuration\org.eclipse.osgi\bundles\99\1\.cp\myeclipse-data\3.2\lib\entitymanager\hibernate-annotations.jar;E:\Windows 10 Apps\myEclipse\MyEclipse 10\configuration\org.eclipse.osgi\bundles\99\1\.cp\myeclipse-data\3.2\lib\entitymanager\hibernate-commons-annotations.jar;E:\Windows 10 Apps\myEclipse\MyEclipse 10\configuration\org.eclipse.osgi\bundles\99\1\.cp\myeclipse-data\3.2\lib\entitymanager\hibernate-entitymanager.jar;E:\Windows 10 Apps\myEclipse\MyEclipse 10\configuration\org.eclipse.osgi\bundles\99\1\.cp\myeclipse-data\3.2\lib\entitymanager\hibernate-validator.jar;E:\Windows 10 Apps\myEclipse\MyEclipse 10\configuration\org.eclipse.osgi\bundles\99\1\.cp\myeclipse-data\3.2\lib\entitymanager\ejb3-persistence.jar;E:\Windows 10 Apps\myEclipse\MyEclipse 10\configuration\org.eclipse.osgi\bundles\99\1\.cp\myeclipse-data\3.2\lib\entitymanager\jboss-archive-browsing.jar;E:\Windows 10 Apps\myEclipse\MyEclipse 10\configuration\org.eclipse.osgi\bundles\99\1\.cp\myeclipse-data\3.2\lib\antlr-2.7.6.jar;E:\Windows 10 Apps\myEclipse\MyEclipse 10\configuration\org.eclipse.osgi\bundles\99\1\.cp\myeclipse-data\3.0\lib\asm.jar;E:\Windows 10 Apps\myEclipse\MyEclipse 10\configuration\org.eclipse.osgi\bundles\99\1\.cp\myeclipse-data\3.0\lib\asm-attrs.jar;E:\Windows 10 Apps\myEclipse\MyEclipse 10\configuration\org.eclipse.osgi\bundles\99\1\.cp\myeclipse-data\3.1\lib\cglib-2.1.3.jar;E:\Windows 10 Apps\myEclipse\MyEclipse 10\configuration\org.eclipse.osgi\bundles\99\1\.cp\myeclipse-data\3.0\lib\commons-collections-2.1.1.jar;E:\Windows 10 Apps\myEclipse\MyEclipse 10\configuration\org.eclipse.osgi\bundles\99\1\.cp\myeclipse-data\3.0\lib\commons-logging-1.0.4.jar;E:\Windows 10 Apps\myEclipse\MyEclipse 10\configuration\org.eclipse.osgi\bundles\99\1\.cp\myeclipse-data\3.1\lib\dom4j-1.6.1.jar;E:\Windows 10 Apps\myEclipse\MyEclipse 10\configuration\org.eclipse.osgi\bundles\99\1\.cp\myeclipse-data\3.2\lib\ehcache-1.2.3.jar;E:\Windows 10 Apps\myEclipse\MyEclipse 10\configuration\org.eclipse.osgi\bundles\99\1\.cp\myeclipse-data\3.2\lib\hibernate3.jar;E:\Windows 10 Apps\myEclipse\MyEclipse 10\configuration\org.eclipse.osgi\bundles\99\1\.cp\myeclipse-data\3.0\lib\jaas.jar;E:\Windows 10 Apps\myEclipse\MyEclipse 10\configuration\org.eclipse.osgi\bundles\99\1\.cp\myeclipse-data\3.1\lib\jaxen-1.1-beta-7.jar;E:\Windows 10 Apps\myEclipse\MyEclipse 10\configuration\org.eclipse.osgi\bundles\99\1\.cp\myeclipse-data\3.2\lib\javassist.jar;E:\Windows 10 Apps\myEclipse\MyEclipse 10\configuration\org.eclipse.osgi\bundles\99\1\.cp\myeclipse-data\3.0\lib\jta.jar;E:\Windows 10 Apps\myEclipse\MyEclipse 10\configuration\org.eclipse.osgi\bundles\99\1\.cp\myeclipse-data\3.1\lib\log4j-1.2.11.jar;E:\Windows 10 Apps\myEclipse\MyEclipse 10\configuration\org.eclipse.osgi\bundles\99\1\.cp\myeclipse-data\3.0\lib\xerces-2.6.2.jar;E:\Windows 10 Apps\myEclipse\MyEclipse 10\configuration\org.eclipse.osgi\bundles\99\1\.cp\myeclipse-data\3.0\lib\xml-apis.jar;E:\Windows 10 Apps\myEclipse\MyEclipse 10\configuration\org.eclipse.osgi\bundles\103\1\.cp\data\3.0\lib\core\org.springframework.core-3.0.5.RELEASE.jar;E:\Windows 10 Apps\myEclipse\MyEclipse 10\configuration\org.eclipse.osgi\bundles\103\1\.cp\data\3.0\lib\core\org.springframework.context-3.0.5.RELEASE.jar;E:\Windows 10 Apps\myEclipse\MyEclipse 10\configuration\org.eclipse.osgi\bundles\103\1\.cp\data\3.0\lib\core\org.springframework.beans-3.0.5.RELEASE.jar;E:\Windows 10 Apps\myEclipse\MyEclipse 10\configuration\org.eclipse.osgi\bundles\103\1\.cp\data\3.0\lib\core\org.springframework.asm-3.0.5.RELEASE.jar;E:\Windows 10 Apps\myEclipse\MyEclipse 10\configuration\org.eclipse.osgi\bundles\103\1\.cp\data\3.0\lib\core\com.springsource.org.apache.log4j-1.2.15.jar;E:\Windows 10 Apps\myEclipse\MyEclipse 10\configuration\org.eclipse.osgi\bundles\103\1\.cp\data\3.0\lib\core\com.springsource.org.apache.commons.logging-1.1.1.jar;E:\Windows 10 Apps\myEclipse\MyEclipse 10\configuration\org.eclipse.osgi\bundles\103\1\.cp\data\3.0\lib\core\org.springframework.expression-3.0.5.RELEASE.jar;E:\Windows 10 Apps\myEclipse\MyEclipse 10\configuration\org.eclipse.osgi\bundles\103\1\.cp\data\3.0\lib\aop\org.springframework.aop-3.0.5.RELEASE.jar;E:\Windows 10 Apps\myEclipse\MyEclipse 10\configuration\org.eclipse.osgi\bundles\103\1\.cp\data\3.0\lib\aop\com.springsource.org.aopalliance-1.0.0.jar;E:\Windows 10 Apps\myEclipse\MyEclipse 10\configuration\org.eclipse.osgi\bundles\103\1\.cp\data\3.0\lib\aop\com.springsource.org.aspectj.weaver-1.6.8.RELEASE.jar;E:\Windows 10 Apps\myEclipse\MyEclipse 10\configuration\org.eclipse.osgi\bundles\103\1\.cp\data\3.0\lib\aop\com.springsource.net.sf.cglib-2.2.0.jar;E:\Windows 10 Apps\myEclipse\MyEclipse 10\configuration\org.eclipse.osgi\bundles\103\1\.cp\data\3.0\lib\aop\org.springframework.aspects-3.0.5.RELEASE.jar;E:\Windows 10 Apps\myEclipse\MyEclipse 10\configuration\org.eclipse.osgi\bundles\103\1\.cp\data\3.0\lib\aop\org.springframework.instrument-3.0.5.RELEASE.jar;E:\Windows 10 Apps\myEclipse\MyEclipse 10\configuration\org.eclipse.osgi\bundles\103\1\.cp\data\3.0\lib\aop\org.springframework.instrument.tomcat-3.0.5.RELEASE.jar;E:\Windows 10 Apps\myEclipse\MyEclipse 10\configuration\org.eclipse.osgi\bundles\103\1\.cp\data\3.0\lib\persistCore\persistence.jar;E:\Windows 10 Apps\myEclipse\MyEclipse 10\configuration\org.eclipse.osgi\bundles\103\1\.cp\data\3.0\lib\persistCore\org.springframework.jdbc-3.0.5.RELEASE.jar;E:\Windows 10 Apps\myEclipse\MyEclipse 10\configuration\org.eclipse.osgi\bundles\103\1\.cp\data\3.0\lib\persistCore\org.springframework.orm-3.0.5.RELEASE.jar;E:\Windows 10 Apps\myEclipse\MyEclipse 10\configuration\org.eclipse.osgi\bundles\103\1\.cp\data\3.0\lib\persistCore\org.springframework.transaction-3.0.5.RELEASE.jar;E:\Windows 10 Apps\myEclipse\MyEclipse 10\configuration\org.eclipse.osgi\bundles\103\1\.cp\data\3.0\lib\persistJdbc\com.springsource.com.mchange.v2.c3p0-0.9.1.2.jar;E:\Windows 10 Apps\myEclipse\MyEclipse 10\configuration\org.eclipse.osgi\bundles\103\1\.cp\data\3.0\lib\persistJdbc\commons-dbcp.jar;E:\Windows 10 Apps\myEclipse\MyEclipse 10\configuration\org.eclipse.osgi\bundles\103\1\.cp\data\3.0\lib\persistJdbc\com.springsource.org.apache.commons.pool-1.5.3.jar;E:\Windows 10 Apps\myEclipse\MyEclipse 10\configuration\org.eclipse.osgi\bundles\103\1\.cp\data\3.0\lib\persistJdbc\jotm.jar;E:\Windows 10 Apps\myEclipse\MyEclipse 10\configuration\org.eclipse.osgi\bundles\103\1\.cp\data\3.0\lib\persistJdbc\xapool.jar;E:\Windows 10 Apps\myEclipse\MyEclipse 10\configuration\org.eclipse.osgi\bundles\103\1\.cp\data\3.0\lib\persistJdbc\com.springsource.org.apache.commons.lang-2.4.0.jar;D:\Development\EclipseMarsProjects\Spring\Spring 3 Resources\mysql.jar, hibernate.bytecode.use_reflection_optimizer=false, hibernate.use_identifier_rollback=false, java.vm.specification.version=1.7, sun.arch.data.model=32, java.home=C:\Program Files (x86)\Java\jdk1.7.0_25\jre, sun.java.command=com.spring.transaction.jpa.Lab57, hibernate.connection.url=jdbc:mysql://localhost/springdb, java.specification.vendor=Oracle Corporation, user.language=en, awt.toolkit=sun.awt.windows.WToolkit, java.vm.info=mixed mode, sharing, java.version=1.7.0_25, hibernate.transaction.flush_before_completion=false, java.ext.dirs=C:\Program Files (x86)\Java\jdk1.7.0_25\jre\lib\ext;C:\WINDOWS\Sun\Java\lib\ext, sun.boot.class.path=C:\Program Files (x86)\Java\jdk1.7.0_25\jre\lib\resources.jar;C:\Program Files (x86)\Java\jdk1.7.0_25\jre\lib\rt.jar;C:\Program Files (x86)\Java\jdk1.7.0_25\jre\lib\sunrsasign.jar;C:\Program Files (x86)\Java\jdk1.7.0_25\jre\lib\jsse.jar;C:\Program Files (x86)\Java\jdk1.7.0_25\jre\lib\jce.jar;C:\Program Files (x86)\Java\jdk1.7.0_25\jre\lib\charsets.jar;C:\Program Files (x86)\Java\jdk1.7.0_25\jre\lib\jfr.jar;C:\Program Files (x86)\Java\jdk1.7.0_25\jre\classes, java.vendor=Oracle Corporation, file.separator=\, java.vendor.url.bug=http://bugreport.sun.com/bugreport/, sun.cpu.endian=little, sun.io.unicode.encoding=UnicodeLittle, hibernate.query.jpaql_strict_compliance=true, sun.desktop=windows, sun.cpu.isalist=pentium_pro+mmx pentium_pro pentium+mmx pentium i486 i386 i86} 
DEBUG - Static SQL for entity: com.spring.transaction.jpa.Account 
DEBUG -  Version select: select accno from accounts where accno =? 
DEBUG -  Snapshot select: select account_.accno, account_.atype as atype0_, account_.bal as bal0_ from accounts account_ where account_.accno=? 
DEBUG -  Insert 0: insert into accounts (atype, bal, accno) values (?, ?, ?) 
DEBUG -  Update 0: update accounts set atype=?, bal=? where accno=? 
DEBUG -  Delete 0: delete from accounts where accno=? 
DEBUG - Static select for entity com.spring.transaction.jpa.Account: select account0_.accno as accno0_0_, account0_.atype as atype0_0_, account0_.bal as bal0_0_ from accounts account0_ where account0_.accno=? 
DEBUG - Static select for entity com.spring.transaction.jpa.Account: select account0_.accno as accno0_0_, account0_.atype as atype0_0_, account0_.bal as bal0_0_ from accounts account0_ where account0_.accno=? 
DEBUG - Static select for entity com.spring.transaction.jpa.Account: select account0_.accno as accno0_0_, account0_.atype as atype0_0_, account0_.bal as bal0_0_ from accounts account0_ where account0_.accno=? for update 
DEBUG - Static select for entity com.spring.transaction.jpa.Account: select account0_.accno as accno0_0_, account0_.atype as atype0_0_, account0_.bal as bal0_0_ from accounts account0_ where account0_.accno=? for update 
DEBUG - Static select for entity com.spring.transaction.jpa.Account: select account0_.accno as accno0_0_, account0_.atype as atype0_0_, account0_.bal as bal0_0_ from accounts account0_ where account0_.accno=? for update 
DEBUG - Static select for action ACTION_MERGE on entity com.spring.transaction.jpa.Account: select account0_.accno as accno0_0_, account0_.atype as atype0_0_, account0_.bal as bal0_0_ from accounts account0_ where account0_.accno=? 
DEBUG - Static select for action ACTION_REFRESH on entity com.spring.transaction.jpa.Account: select account0_.accno as accno0_0_, account0_.atype as atype0_0_, account0_.bal as bal0_0_ from accounts account0_ where account0_.accno=? 
DEBUG - initializing class SessionFactoryObjectFactory 
DEBUG - registered: 4028f081530a86a301530a86a4aa0000 (unnamed) 
INFO - Not binding factory to JNDI, no JNDI name configured 
DEBUG - instantiated session factory 
DEBUG - Checking 0 named HQL queries 
DEBUG - Checking 0 named SQL queries 
DEBUG - Finished creating instance of bean 'emFactory' 
DEBUG - Creating shared instance of singleton bean 'jpaTemp' 
DEBUG - Creating instance of bean 'jpaTemp' 
DEBUG - Eagerly caching bean 'jpaTemp' to allow for resolving potential circular references 
DEBUG - Getting BeanInfo for class [org.springframework.orm.jpa.JpaTemplate] 
DEBUG - Caching PropertyDescriptors for class [org.springframework.orm.jpa.JpaTemplate] 
DEBUG - Found bean property 'class' of type [java.lang.Class] 
DEBUG - Found bean property 'entityManager' of type [javax.persistence.EntityManager] 
DEBUG - Found bean property 'entityManagerFactory' of type [javax.persistence.EntityManagerFactory] 
DEBUG - Found bean property 'exposeNativeEntityManager' of type [boolean] 
DEBUG - Found bean property 'flushEager' of type [boolean] 
DEBUG - Found bean property 'jpaDialect' of type [org.springframework.orm.jpa.JpaDialect] 
DEBUG - Found bean property 'jpaProperties' of type [java.util.Properties] 
DEBUG - Found bean property 'jpaPropertyMap' of type [java.util.Map] 
DEBUG - Returning cached instance of singleton bean 'emFactory' 
DEBUG - Autowiring by type from bean name 'jpaTemp' via property 'entityManagerFactory' to bean named 'emFactory' 
DEBUG - Returning cached instance of singleton bean 'systemProperties' 
DEBUG - Autowiring by type from bean name 'jpaTemp' via property 'jpaProperties' to bean named 'systemProperties' 
DEBUG - Returning cached instance of singleton bean 'org.springframework.context.annotation.internalConfigurationAnnotationProcessor' 
DEBUG - Returning cached instance of singleton bean 'org.springframework.context.annotation.internalAutowiredAnnotationProcessor' 
DEBUG - Returning cached instance of singleton bean 'org.springframework.context.annotation.internalRequiredAnnotationProcessor' 
DEBUG - Returning cached instance of singleton bean 'org.springframework.context.annotation.internalCommonAnnotationProcessor' 
DEBUG - Returning cached instance of singleton bean 'org.springframework.context.annotation.internalPersistenceAnnotationProcessor' 
DEBUG - Returning cached instance of singleton bean 'emFactory' 
DEBUG - Creating shared instance of singleton bean 'txMgr' 
DEBUG - Creating instance of bean 'txMgr' 
DEBUG - Eagerly caching bean 'txMgr' to allow for resolving potential circular references 
DEBUG - Getting BeanInfo for class [org.springframework.orm.jpa.JpaTransactionManager] 
DEBUG - Caching PropertyDescriptors for class [org.springframework.orm.jpa.JpaTransactionManager] 
DEBUG - Found bean property 'class' of type [java.lang.Class] 
DEBUG - Found bean property 'dataSource' of type [javax.sql.DataSource] 
DEBUG - Found bean property 'defaultTimeout' of type [int] 
DEBUG - Found bean property 'entityManagerFactory' of type [javax.persistence.EntityManagerFactory] 
DEBUG - Found bean property 'failEarlyOnGlobalRollbackOnly' of type [boolean] 
DEBUG - Found bean property 'globalRollbackOnParticipationFailure' of type [boolean] 
DEBUG - Found bean property 'jpaDialect' of type [org.springframework.orm.jpa.JpaDialect] 
DEBUG - Found bean property 'jpaProperties' of type [java.util.Properties] 
DEBUG - Found bean property 'jpaPropertyMap' of type [java.util.Map] 
DEBUG - Found bean property 'nestedTransactionAllowed' of type [boolean] 
DEBUG - Found bean property 'resourceFactory' of type [java.lang.Object] 
DEBUG - Found bean property 'rollbackOnCommitFailure' of type [boolean] 
DEBUG - Found bean property 'transactionSynchronization' of type [int] 
DEBUG - Found bean property 'transactionSynchronizationName' of type [java.lang.String] 
DEBUG - Found bean property 'validateExistingTransaction' of type [boolean] 
DEBUG - Returning cached instance of singleton bean 'emFactory' 
DEBUG - Autowiring by type from bean name 'txMgr' via property 'entityManagerFactory' to bean named 'emFactory' 
DEBUG - Returning cached instance of singleton bean 'systemProperties' 
DEBUG - Autowiring by type from bean name 'txMgr' via property 'jpaProperties' to bean named 'systemProperties' 
DEBUG - Invoking afterPropertiesSet() on bean with name 'txMgr' 
DEBUG - Finished creating instance of bean 'txMgr' 
DEBUG - Creating shared instance of singleton bean 'adao' 
DEBUG - Creating instance of bean 'adao' 
DEBUG - Found injected element on class [com.spring.transaction.jpa.JpaAccountDAO]: AutowiredFieldElement for org.springframework.orm.jpa.JpaTemplate com.spring.transaction.jpa.JpaAccountDAO.jtemp 
DEBUG - Found injected element on class [com.spring.transaction.jpa.JpaAccountDAO]: AutowiredFieldElement for org.springframework.orm.jpa.JpaTransactionManager com.spring.transaction.jpa.JpaAccountDAO.txMgr 
DEBUG - Eagerly caching bean 'adao' to allow for resolving potential circular references 
DEBUG - Getting BeanInfo for class [com.spring.transaction.jpa.JpaAccountDAO] 
DEBUG - Caching PropertyDescriptors for class [com.spring.transaction.jpa.JpaAccountDAO] 
DEBUG - Found bean property 'balance' 
DEBUG - Found bean property 'class' of type [java.lang.Class] 
DEBUG - Processing injected method of bean 'adao': AutowiredFieldElement for org.springframework.orm.jpa.JpaTemplate com.spring.transaction.jpa.JpaAccountDAO.jtemp 
DEBUG - Returning eagerly cached instance of singleton bean 'jpaTemp' that is not fully initialized yet - a consequence of a circular reference 
DEBUG - Autowiring by type from bean name 'adao' to bean named 'jpaTemp' 
DEBUG - Processing injected method of bean 'adao': AutowiredFieldElement for org.springframework.orm.jpa.JpaTransactionManager com.spring.transaction.jpa.JpaAccountDAO.txMgr 
DEBUG - Returning cached instance of singleton bean 'txMgr' 
DEBUG - Autowiring by type from bean name 'adao' to bean named 'txMgr' 
DEBUG - Finished creating instance of bean 'adao' 
DEBUG - Returning cached instance of singleton bean 'systemProperties' 
DEBUG - Returning cached instance of singleton bean 'systemEnvironment' 
DEBUG - Returning cached instance of singleton bean 'messageSource' 
DEBUG - Returning cached instance of singleton bean 'applicationEventMulticaster' 
DEBUG - Autowiring by type from bean name 'jpaTemp' via property 'jpaPropertyMap' to bean named 'org.springframework.context.annotation.internalConfigurationAnnotationProcessor' 
DEBUG - Autowiring by type from bean name 'jpaTemp' via property 'jpaPropertyMap' to bean named 'org.springframework.context.annotation.internalAutowiredAnnotationProcessor' 
DEBUG - Autowiring by type from bean name 'jpaTemp' via property 'jpaPropertyMap' to bean named 'org.springframework.context.annotation.internalRequiredAnnotationProcessor' 
DEBUG - Autowiring by type from bean name 'jpaTemp' via property 'jpaPropertyMap' to bean named 'org.springframework.context.annotation.internalCommonAnnotationProcessor' 
DEBUG - Autowiring by type from bean name 'jpaTemp' via property 'jpaPropertyMap' to bean named 'org.springframework.context.annotation.internalPersistenceAnnotationProcessor' 
DEBUG - Autowiring by type from bean name 'jpaTemp' via property 'jpaPropertyMap' to bean named 'emFactory' 
DEBUG - Autowiring by type from bean name 'jpaTemp' via property 'jpaPropertyMap' to bean named 'txMgr' 
DEBUG - Autowiring by type from bean name 'jpaTemp' via property 'jpaPropertyMap' to bean named 'adao' 
DEBUG - Autowiring by type from bean name 'jpaTemp' via property 'jpaPropertyMap' to bean named 'systemProperties' 
DEBUG - Autowiring by type from bean name 'jpaTemp' via property 'jpaPropertyMap' to bean named 'systemEnvironment' 
DEBUG - Autowiring by type from bean name 'jpaTemp' via property 'jpaPropertyMap' to bean named 'messageSource' 
DEBUG - Autowiring by type from bean name 'jpaTemp' via property 'jpaPropertyMap' to bean named 'applicationEventMulticaster' 
DEBUG - Invoking afterPropertiesSet() on bean with name 'jpaTemp' 
DEBUG - Finished creating instance of bean 'jpaTemp' 
DEBUG - Returning cached instance of singleton bean 'txMgr' 
DEBUG - Returning cached instance of singleton bean 'adao' 
DEBUG - Unable to locate LifecycleProcessor with name 'lifecycleProcessor': using default [org.springframework.context.support.DefaultLifecycleProcessor@79ac30] 
DEBUG - Returning cached instance of singleton bean 'lifecycleProcessor' 
DEBUG - Publishing event in org.springframework.context.support.ClassPathXmlApplicationContext@79801c: org.springframework.context.event.ContextRefreshedEvent[source=org.springframework.context.support.ClassPathXmlApplicationContext@79801c: startup date [Tue Feb 23 01:18:27 IST 2016]; root of context hierarchy] 
DEBUG - Returning cached instance of singleton bean 'adao' 
DEBUG - Creating new transaction with name [null]: PROPAGATION_REQUIRED,ISOLATION_DEFAULT 
DEBUG - Opened new EntityManager [org.hibernate.ejb.EntityManagerImpl@c5d117] for JPA transaction 
DEBUG - opened session at timestamp: 14561705096 
DEBUG - begin 
DEBUG - opening JDBC connection 
DEBUG - total checked-out connections: 0 
DEBUG - using pooled JDBC connection, pool size: 0 
DEBUG - current autocommit status: true 
DEBUG - disabling autocommit 
DEBUG - after transaction begin 
DEBUG - Bound value [org.springframework.orm.jpa.EntityManagerHolder@147af7e] for key [org.springframework.orm.jpa.LocalEntityManagerFactoryBean@152aa10] to thread [main] 
DEBUG - Initializing transaction synchronization 
DEBUG - Retrieved value [org.springframework.orm.jpa.EntityManagerHolder@147af7e] for key [org.springframework.orm.jpa.LocalEntityManagerFactoryBean@152aa10] bound to thread [main] 
DEBUG - loading entity: [com.spring.transaction.jpa.Account#101] 
DEBUG - creating new proxy for entity 
DEBUG - initializing proxy: [com.spring.transaction.jpa.Account#101] 
DEBUG - attempting to resolve: [com.spring.transaction.jpa.Account#101] 
DEBUG - object not resolved in any cache: [com.spring.transaction.jpa.Account#101] 
DEBUG - Fetching entity: [com.spring.transaction.jpa.Account#101] 
DEBUG - loading entity: [com.spring.transaction.jpa.Account#101] 
DEBUG - about to open PreparedStatement (open PreparedStatements: 0, globally: 0) 
DEBUG - select account0_.accno as accno0_0_, account0_.atype as atype0_0_, account0_.bal as bal0_0_ from accounts account0_ where account0_.accno=? 
DEBUG - preparing statement 
DEBUG - binding '101' to parameter: 1 
DEBUG - about to open ResultSet (open ResultSets: 0, globally: 0) 
DEBUG - processing result set 
DEBUG - result set row: 0 
DEBUG - result row: EntityKey[com.spring.transaction.jpa.Account#101] 
DEBUG - Initializing object from ResultSet: [com.spring.transaction.jpa.Account#101] 
DEBUG - Hydrating entity: [com.spring.transaction.jpa.Account#101] 
DEBUG - returning 'SA' as column: atype0_0_ 
DEBUG - returning '84000.0' as column: bal0_0_ 
DEBUG - done processing result set (1 rows) 
DEBUG - about to close ResultSet (open ResultSets: 1, globally: 1) 
DEBUG - about to close PreparedStatement (open PreparedStatements: 1, globally: 1) 
DEBUG - closing statement 
DEBUG - total objects hydrated: 1 
DEBUG - resolving associations for [com.spring.transaction.jpa.Account#101] 
DEBUG - done materializing entity [com.spring.transaction.jpa.Account#101] 
DEBUG - initializing non-lazy collections 
DEBUG - done entity load 
DEBUG - Triggering beforeCommit synchronization 
DEBUG - Triggering beforeCompletion synchronization 
DEBUG - Initiating transaction commit 
DEBUG - Committing JPA transaction on EntityManager [org.hibernate.ejb.EntityManagerImpl@c5d117] 
DEBUG - commit 
DEBUG - automatically flushing session 
DEBUG - flushing session 
DEBUG - processing flush-time cascades 
DEBUG - processing cascade ACTION_PERSIST_ON_FLUSH for: com.spring.transaction.jpa.Account 
DEBUG - done processing cascade ACTION_PERSIST_ON_FLUSH for: com.spring.transaction.jpa.Account 
DEBUG - dirty checking collections 
DEBUG - Flushing entities and processing referenced collections 
DEBUG - Processing unreferenced collections 
DEBUG - Scheduling collection removes/(re)creates/updates 
DEBUG - Flushed: 0 insertions, 0 updates, 0 deletions to 1 objects 
DEBUG - Flushed: 0 (re)creations, 0 updates, 0 removals to 0 collections 
DEBUG - listing entities: 
DEBUG - com.spring.transaction.jpa.Account{atype=SA, bal=84000.0, accno=101} 
DEBUG - executing flush 
DEBUG - registering flush begin 
DEBUG - registering flush end 
DEBUG - post flush 
DEBUG - before transaction completion 
DEBUG - before transaction completion 
DEBUG - re-enabling autocommit 
DEBUG - committed JDBC Connection 
DEBUG - after transaction completion 
DEBUG - aggressively releasing JDBC connection 
DEBUG - releasing JDBC connection [ (open PreparedStatements: 0, globally: 0) (open ResultSets: 0, globally: 0)] 
DEBUG - returning connection to pool, pool size: 1 
DEBUG - after transaction completion 
DEBUG - Triggering afterCommit synchronization 
DEBUG - Triggering afterCompletion synchronization 
DEBUG - Clearing transaction synchronization 
DEBUG - Removed value [org.springframework.orm.jpa.EntityManagerHolder@147af7e] for key [org.springframework.orm.jpa.LocalEntityManagerFactoryBean@152aa10] from thread [main] 
DEBUG - Closing JPA EntityManager [org.hibernate.ejb.EntityManagerImpl@c5d117] after transaction 
DEBUG - Closing JPA EntityManager 
DEBUG - closing session 
DEBUG - connection already null in cleanup : no action 
DEBUG - Creating new transaction with name [null]: PROPAGATION_REQUIRED,ISOLATION_DEFAULT 
DEBUG - Opened new EntityManager [org.hibernate.ejb.EntityManagerImpl@18dceab] for JPA transaction 
DEBUG - opened session at timestamp: 14561705097 
DEBUG - begin 
DEBUG - opening JDBC connection 
DEBUG - total checked-out connections: 0 
DEBUG - using pooled JDBC connection, pool size: 0 
DEBUG - current autocommit status: true 
DEBUG - disabling autocommit 
DEBUG - after transaction begin 
DEBUG - Bound value [org.springframework.orm.jpa.EntityManagerHolder@fb6a7b] for key [org.springframework.orm.jpa.LocalEntityManagerFactoryBean@152aa10] to thread [main] 
DEBUG - Initializing transaction synchronization 
DEBUG - Retrieved value [org.springframework.orm.jpa.EntityManagerHolder@fb6a7b] for key [org.springframework.orm.jpa.LocalEntityManagerFactoryBean@152aa10] bound to thread [main] 
DEBUG - loading entity: [com.spring.transaction.jpa.Account#102] 
DEBUG - creating new proxy for entity 
DEBUG - initializing proxy: [com.spring.transaction.jpa.Account#102] 
DEBUG - attempting to resolve: [com.spring.transaction.jpa.Account#102] 
DEBUG - object not resolved in any cache: [com.spring.transaction.jpa.Account#102] 
DEBUG - Fetching entity: [com.spring.transaction.jpa.Account#102] 
DEBUG - loading entity: [com.spring.transaction.jpa.Account#102] 
DEBUG - about to open PreparedStatement (open PreparedStatements: 0, globally: 0) 
DEBUG - select account0_.accno as accno0_0_, account0_.atype as atype0_0_, account0_.bal as bal0_0_ from accounts account0_ where account0_.accno=? 
DEBUG - preparing statement 
DEBUG - binding '102' to parameter: 1 
DEBUG - about to open ResultSet (open ResultSets: 0, globally: 0) 
DEBUG - processing result set 
DEBUG - result set row: 0 
DEBUG - result row: EntityKey[com.spring.transaction.jpa.Account#102] 
DEBUG - Initializing object from ResultSet: [com.spring.transaction.jpa.Account#102] 
DEBUG - Hydrating entity: [com.spring.transaction.jpa.Account#102] 
DEBUG - returning 'CA' as column: atype0_0_ 
DEBUG - returning '30000.0' as column: bal0_0_ 
DEBUG - done processing result set (1 rows) 
DEBUG - about to close ResultSet (open ResultSets: 1, globally: 1) 
DEBUG - about to close PreparedStatement (open PreparedStatements: 1, globally: 1) 
DEBUG - closing statement 
DEBUG - total objects hydrated: 1 
DEBUG - resolving associations for [com.spring.transaction.jpa.Account#102] 
DEBUG - done materializing entity [com.spring.transaction.jpa.Account#102] 
DEBUG - initializing non-lazy collections 
DEBUG - done entity load 
DEBUG - Triggering beforeCommit synchronization 
DEBUG - Triggering beforeCompletion synchronization 
DEBUG - Initiating transaction commit 
DEBUG - Committing JPA transaction on EntityManager [org.hibernate.ejb.EntityManagerImpl@18dceab] 
DEBUG - commit 
DEBUG - automatically flushing session 
DEBUG - flushing session 
DEBUG - processing flush-time cascades 
DEBUG - processing cascade ACTION_PERSIST_ON_FLUSH for: com.spring.transaction.jpa.Account 
DEBUG - done processing cascade ACTION_PERSIST_ON_FLUSH for: com.spring.transaction.jpa.Account 
DEBUG - dirty checking collections 
DEBUG - Flushing entities and processing referenced collections 
DEBUG - Processing unreferenced collections 
DEBUG - Scheduling collection removes/(re)creates/updates 
DEBUG - Flushed: 0 insertions, 0 updates, 0 deletions to 1 objects 
DEBUG - Flushed: 0 (re)creations, 0 updates, 0 removals to 0 collections 
DEBUG - listing entities: 
DEBUG - com.spring.transaction.jpa.Account{atype=CA, bal=30000.0, accno=102} 
DEBUG - executing flush 
DEBUG - registering flush begin 
DEBUG - registering flush end 
DEBUG - post flush 
DEBUG - before transaction completion 
DEBUG - before transaction completion 
DEBUG - re-enabling autocommit 
DEBUG - committed JDBC Connection 
DEBUG - after transaction completion 
DEBUG - aggressively releasing JDBC connection 
DEBUG - releasing JDBC connection [ (open PreparedStatements: 0, globally: 0) (open ResultSets: 0, globally: 0)] 
DEBUG - returning connection to pool, pool size: 1 
DEBUG - after transaction completion 
DEBUG - Triggering afterCommit synchronization 
DEBUG - Triggering afterCompletion synchronization 
DEBUG - Clearing transaction synchronization 
DEBUG - Removed value [org.springframework.orm.jpa.EntityManagerHolder@fb6a7b] for key [org.springframework.orm.jpa.LocalEntityManagerFactoryBean@152aa10] from thread [main] 
DEBUG - Closing JPA EntityManager [org.hibernate.ejb.EntityManagerImpl@18dceab] after transaction 
DEBUG - Closing JPA EntityManager 
DEBUG - closing session 
DEBUG - connection already null in cleanup : no action 
DEBUG - Creating new transaction with name [null]: PROPAGATION_REQUIRED,ISOLATION_DEFAULT 
DEBUG - Opened new EntityManager [org.hibernate.ejb.EntityManagerImpl@1304e4e] for JPA transaction 
DEBUG - opened session at timestamp: 14561705097 
DEBUG - begin 
DEBUG - opening JDBC connection 
DEBUG - total checked-out connections: 0 
DEBUG - using pooled JDBC connection, pool size: 0 
DEBUG - current autocommit status: true 
DEBUG - disabling autocommit 
DEBUG - after transaction begin 
DEBUG - Bound value [org.springframework.orm.jpa.EntityManagerHolder@64e484] for key [org.springframework.orm.jpa.LocalEntityManagerFactoryBean@152aa10] to thread [main] 
DEBUG - Initializing transaction synchronization 
DEBUG - Retrieved value [org.springframework.orm.jpa.EntityManagerHolder@64e484] for key [org.springframework.orm.jpa.LocalEntityManagerFactoryBean@152aa10] bound to thread [main] 
DEBUG - loading entity: [com.spring.transaction.jpa.Account#101] 
DEBUG - creating new proxy for entity 
DEBUG - initializing proxy: [com.spring.transaction.jpa.Account#101] 
DEBUG - attempting to resolve: [com.spring.transaction.jpa.Account#101] 
DEBUG - object not resolved in any cache: [com.spring.transaction.jpa.Account#101] 
DEBUG - Fetching entity: [com.spring.transaction.jpa.Account#101] 
DEBUG - loading entity: [com.spring.transaction.jpa.Account#101] 
DEBUG - about to open PreparedStatement (open PreparedStatements: 0, globally: 0) 
DEBUG - select account0_.accno as accno0_0_, account0_.atype as atype0_0_, account0_.bal as bal0_0_ from accounts account0_ where account0_.accno=? 
DEBUG - preparing statement 
DEBUG - binding '101' to parameter: 1 
DEBUG - about to open ResultSet (open ResultSets: 0, globally: 0) 
DEBUG - processing result set 
DEBUG - result set row: 0 
DEBUG - result row: EntityKey[com.spring.transaction.jpa.Account#101] 
DEBUG - Initializing object from ResultSet: [com.spring.transaction.jpa.Account#101] 
DEBUG - Hydrating entity: [com.spring.transaction.jpa.Account#101] 
DEBUG - returning 'SA' as column: atype0_0_ 
DEBUG - returning '84000.0' as column: bal0_0_ 
DEBUG - done processing result set (1 rows) 
DEBUG - about to close ResultSet (open ResultSets: 1, globally: 1) 
DEBUG - about to close PreparedStatement (open PreparedStatements: 1, globally: 1) 
DEBUG - closing statement 
DEBUG - total objects hydrated: 1 
DEBUG - resolving associations for [com.spring.transaction.jpa.Account#101] 
DEBUG - done materializing entity [com.spring.transaction.jpa.Account#101] 
DEBUG - initializing non-lazy collections 
DEBUG - done entity load 
DEBUG - Retrieved value [org.springframework.orm.jpa.EntityManagerHolder@64e484] for key [org.springframework.orm.jpa.LocalEntityManagerFactoryBean@152aa10] bound to thread [main] 
DEBUG - persistent instance of: com.spring.transaction.jpa.Account 
DEBUG - ignoring persistent instance 
DEBUG - Triggering beforeCommit synchronization 
DEBUG - Triggering beforeCompletion synchronization 
DEBUG - Initiating transaction commit 
DEBUG - Committing JPA transaction on EntityManager [org.hibernate.ejb.EntityManagerImpl@1304e4e] 
DEBUG - commit 
DEBUG - automatically flushing session 
DEBUG - flushing session 
DEBUG - processing flush-time cascades 
DEBUG - processing cascade ACTION_PERSIST_ON_FLUSH for: com.spring.transaction.jpa.Account 
DEBUG - done processing cascade ACTION_PERSIST_ON_FLUSH for: com.spring.transaction.jpa.Account 
DEBUG - dirty checking collections 
DEBUG - Flushing entities and processing referenced collections 
DEBUG - com.spring.transaction.jpa.Account.bal is dirty 
DEBUG - Updating entity: [com.spring.transaction.jpa.Account#101] 
DEBUG - Processing unreferenced collections 
DEBUG - Scheduling collection removes/(re)creates/updates 
DEBUG - Flushed: 0 insertions, 1 updates, 0 deletions to 1 objects 
DEBUG - Flushed: 0 (re)creations, 0 updates, 0 removals to 0 collections 
DEBUG - listing entities: 
DEBUG - com.spring.transaction.jpa.Account{atype=SA, bal=86000.0, accno=101} 
DEBUG - executing flush 
DEBUG - registering flush begin 
DEBUG - Updating entity: [com.spring.transaction.jpa.Account#101] 
DEBUG - about to open PreparedStatement (open PreparedStatements: 0, globally: 0) 
DEBUG - update accounts set atype=?, bal=? where accno=? 
DEBUG - preparing statement 
DEBUG - Dehydrating entity: [com.spring.transaction.jpa.Account#101] 
DEBUG - binding 'SA' to parameter: 1 
DEBUG - binding '86000.0' to parameter: 2 
DEBUG - binding '101' to parameter: 3 
DEBUG - Executing batch size: 1 
DEBUG - about to close PreparedStatement (open PreparedStatements: 1, globally: 1) 
DEBUG - closing statement 
DEBUG - registering flush end 
DEBUG - post flush 
DEBUG - before transaction completion 
DEBUG - before transaction completion 
DEBUG - re-enabling autocommit 
DEBUG - committed JDBC Connection 
DEBUG - after transaction completion 
DEBUG - aggressively releasing JDBC connection 
DEBUG - releasing JDBC connection [ (open PreparedStatements: 0, globally: 0) (open ResultSets: 0, globally: 0)] 
DEBUG - returning connection to pool, pool size: 1 
DEBUG - after transaction completion 
DEBUG - Triggering afterCommit synchronization 
DEBUG - Triggering afterCompletion synchronization 
DEBUG - Clearing transaction synchronization 
DEBUG - Removed value [org.springframework.orm.jpa.EntityManagerHolder@64e484] for key [org.springframework.orm.jpa.LocalEntityManagerFactoryBean@152aa10] from thread [main] 
DEBUG - Closing JPA EntityManager [org.hibernate.ejb.EntityManagerImpl@1304e4e] after transaction 
DEBUG - Closing JPA EntityManager 
DEBUG - closing session 
DEBUG - connection already null in cleanup : no action 
DEBUG - Creating new transaction with name [null]: PROPAGATION_REQUIRED,ISOLATION_DEFAULT 
DEBUG - Opened new EntityManager [org.hibernate.ejb.EntityManagerImpl@d68a6e] for JPA transaction 
DEBUG - opened session at timestamp: 14561705097 
DEBUG - begin 
DEBUG - opening JDBC connection 
DEBUG - total checked-out connections: 0 
DEBUG - using pooled JDBC connection, pool size: 0 
DEBUG - current autocommit status: true 
DEBUG - disabling autocommit 
DEBUG - after transaction begin 
DEBUG - Bound value [org.springframework.orm.jpa.EntityManagerHolder@11a4fad] for key [org.springframework.orm.jpa.LocalEntityManagerFactoryBean@152aa10] to thread [main] 
DEBUG - Initializing transaction synchronization 
DEBUG - Retrieved value [org.springframework.orm.jpa.EntityManagerHolder@11a4fad] for key [org.springframework.orm.jpa.LocalEntityManagerFactoryBean@152aa10] bound to thread [main] 
DEBUG - loading entity: [com.spring.transaction.jpa.Account#102] 
DEBUG - creating new proxy for entity 
DEBUG - initializing proxy: [com.spring.transaction.jpa.Account#102] 
DEBUG - attempting to resolve: [com.spring.transaction.jpa.Account#102] 
DEBUG - object not resolved in any cache: [com.spring.transaction.jpa.Account#102] 
DEBUG - Fetching entity: [com.spring.transaction.jpa.Account#102] 
DEBUG - loading entity: [com.spring.transaction.jpa.Account#102] 
DEBUG - about to open PreparedStatement (open PreparedStatements: 0, globally: 0) 
DEBUG - select account0_.accno as accno0_0_, account0_.atype as atype0_0_, account0_.bal as bal0_0_ from accounts account0_ where account0_.accno=? 
DEBUG - preparing statement 
DEBUG - binding '102' to parameter: 1 
DEBUG - about to open ResultSet (open ResultSets: 0, globally: 0) 
DEBUG - processing result set 
DEBUG - result set row: 0 
DEBUG - result row: EntityKey[com.spring.transaction.jpa.Account#102] 
DEBUG - Initializing object from ResultSet: [com.spring.transaction.jpa.Account#102] 
DEBUG - Hydrating entity: [com.spring.transaction.jpa.Account#102] 
DEBUG - returning 'CA' as column: atype0_0_ 
DEBUG - returning '30000.0' as column: bal0_0_ 
DEBUG - done processing result set (1 rows) 
DEBUG - about to close ResultSet (open ResultSets: 1, globally: 1) 
DEBUG - about to close PreparedStatement (open PreparedStatements: 1, globally: 1) 
DEBUG - closing statement 
DEBUG - total objects hydrated: 1 
DEBUG - resolving associations for [com.spring.transaction.jpa.Account#102] 
DEBUG - done materializing entity [com.spring.transaction.jpa.Account#102] 
DEBUG - initializing non-lazy collections 
DEBUG - done entity load 
DEBUG - Retrieved value [org.springframework.orm.jpa.EntityManagerHolder@11a4fad] for key [org.springframework.orm.jpa.LocalEntityManagerFactoryBean@152aa10] bound to thread [main] 
DEBUG - persistent instance of: com.spring.transaction.jpa.Account 
DEBUG - ignoring persistent instance 
DEBUG - Triggering beforeCommit synchronization 
DEBUG - Triggering beforeCompletion synchronization 
DEBUG - Initiating transaction commit 
DEBUG - Committing JPA transaction on EntityManager [org.hibernate.ejb.EntityManagerImpl@d68a6e] 
DEBUG - commit 
DEBUG - automatically flushing session 
DEBUG - flushing session 
DEBUG - processing flush-time cascades 
DEBUG - processing cascade ACTION_PERSIST_ON_FLUSH for: com.spring.transaction.jpa.Account 
DEBUG - done processing cascade ACTION_PERSIST_ON_FLUSH for: com.spring.transaction.jpa.Account 
DEBUG - dirty checking collections 
DEBUG - Flushing entities and processing referenced collections 
DEBUG - com.spring.transaction.jpa.Account.bal is dirty 
DEBUG - Updating entity: [com.spring.transaction.jpa.Account#102] 
DEBUG - Processing unreferenced collections 
DEBUG - Scheduling collection removes/(re)creates/updates 
DEBUG - Flushed: 0 insertions, 1 updates, 0 deletions to 1 objects 
DEBUG - Flushed: 0 (re)creations, 0 updates, 0 removals to 0 collections 
DEBUG - listing entities: 
DEBUG - com.spring.transaction.jpa.Account{atype=CA, bal=25000.0, accno=102} 
DEBUG - executing flush 
DEBUG - registering flush begin 
DEBUG - Updating entity: [com.spring.transaction.jpa.Account#102] 
DEBUG - about to open PreparedStatement (open PreparedStatements: 0, globally: 0) 
DEBUG - update accounts set atype=?, bal=? where accno=? 
DEBUG - preparing statement 
DEBUG - Dehydrating entity: [com.spring.transaction.jpa.Account#102] 
DEBUG - binding 'CA' to parameter: 1 
DEBUG - binding '25000.0' to parameter: 2 
DEBUG - binding '102' to parameter: 3 
DEBUG - Executing batch size: 1 
DEBUG - about to close PreparedStatement (open PreparedStatements: 1, globally: 1) 
DEBUG - closing statement 
DEBUG - registering flush end 
DEBUG - post flush 
DEBUG - before transaction completion 
DEBUG - before transaction completion 
DEBUG - re-enabling autocommit 
DEBUG - committed JDBC Connection 
DEBUG - after transaction completion 
DEBUG - aggressively releasing JDBC connection 
DEBUG - releasing JDBC connection [ (open PreparedStatements: 0, globally: 0) (open ResultSets: 0, globally: 0)] 
DEBUG - returning connection to pool, pool size: 1 
DEBUG - after transaction completion 
DEBUG - Triggering afterCommit synchronization 
DEBUG - Triggering afterCompletion synchronization 
DEBUG - Clearing transaction synchronization 
DEBUG - Removed value [org.springframework.orm.jpa.EntityManagerHolder@11a4fad] for key [org.springframework.orm.jpa.LocalEntityManagerFactoryBean@152aa10] from thread [main] 
DEBUG - Closing JPA EntityManager [org.hibernate.ejb.EntityManagerImpl@d68a6e] after transaction 
DEBUG - Closing JPA EntityManager 
DEBUG - closing session 
DEBUG - connection already null in cleanup : no action 
DEBUG - Creating new transaction with name [null]: PROPAGATION_REQUIRED,ISOLATION_DEFAULT 
DEBUG - Opened new EntityManager [org.hibernate.ejb.EntityManagerImpl@1c78f06] for JPA transaction 
DEBUG - opened session at timestamp: 14561705097 
DEBUG - begin 
DEBUG - opening JDBC connection 
DEBUG - total checked-out connections: 0 
DEBUG - using pooled JDBC connection, pool size: 0 
DEBUG - current autocommit status: true 
DEBUG - disabling autocommit 
DEBUG - after transaction begin 
DEBUG - Bound value [org.springframework.orm.jpa.EntityManagerHolder@7edb01] for key [org.springframework.orm.jpa.LocalEntityManagerFactoryBean@152aa10] to thread [main] 
DEBUG - Initializing transaction synchronization 
DEBUG - Retrieved value [org.springframework.orm.jpa.EntityManagerHolder@7edb01] for key [org.springframework.orm.jpa.LocalEntityManagerFactoryBean@152aa10] bound to thread [main] 
DEBUG - loading entity: [com.spring.transaction.jpa.Account#101] 
DEBUG - creating new proxy for entity 
DEBUG - initializing proxy: [com.spring.transaction.jpa.Account#101] 
DEBUG - attempting to resolve: [com.spring.transaction.jpa.Account#101] 
DEBUG - object not resolved in any cache: [com.spring.transaction.jpa.Account#101] 
DEBUG - Fetching entity: [com.spring.transaction.jpa.Account#101] 
DEBUG - loading entity: [com.spring.transaction.jpa.Account#101] 
DEBUG - about to open PreparedStatement (open PreparedStatements: 0, globally: 0) 
DEBUG - select account0_.accno as accno0_0_, account0_.atype as atype0_0_, account0_.bal as bal0_0_ from accounts account0_ where account0_.accno=? 
DEBUG - preparing statement 
DEBUG - binding '101' to parameter: 1 
DEBUG - about to open ResultSet (open ResultSets: 0, globally: 0) 
DEBUG - processing result set 
DEBUG - result set row: 0 
DEBUG - result row: EntityKey[com.spring.transaction.jpa.Account#101] 
DEBUG - Initializing object from ResultSet: [com.spring.transaction.jpa.Account#101] 
DEBUG - Hydrating entity: [com.spring.transaction.jpa.Account#101] 
DEBUG - returning 'SA' as column: atype0_0_ 
DEBUG - returning '86000.0' as column: bal0_0_ 
DEBUG - done processing result set (1 rows) 
DEBUG - about to close ResultSet (open ResultSets: 1, globally: 1) 
DEBUG - about to close PreparedStatement (open PreparedStatements: 1, globally: 1) 
DEBUG - closing statement 
DEBUG - total objects hydrated: 1 
DEBUG - resolving associations for [com.spring.transaction.jpa.Account#101] 
DEBUG - done materializing entity [com.spring.transaction.jpa.Account#101] 
DEBUG - initializing non-lazy collections 
DEBUG - done entity load 
DEBUG - Triggering beforeCommit synchronization 
DEBUG - Triggering beforeCompletion synchronization 
DEBUG - Initiating transaction commit 
DEBUG - Committing JPA transaction on EntityManager [org.hibernate.ejb.EntityManagerImpl@1c78f06] 
DEBUG - commit 
DEBUG - automatically flushing session 
DEBUG - flushing session 
DEBUG - processing flush-time cascades 
DEBUG - processing cascade ACTION_PERSIST_ON_FLUSH for: com.spring.transaction.jpa.Account 
DEBUG - done processing cascade ACTION_PERSIST_ON_FLUSH for: com.spring.transaction.jpa.Account 
DEBUG - dirty checking collections 
DEBUG - Flushing entities and processing referenced collections 
DEBUG - Processing unreferenced collections 
DEBUG - Scheduling collection removes/(re)creates/updates 
DEBUG - Flushed: 0 insertions, 0 updates, 0 deletions to 1 objects 
DEBUG - Flushed: 0 (re)creations, 0 updates, 0 removals to 0 collections 
DEBUG - listing entities: 
DEBUG - com.spring.transaction.jpa.Account{atype=SA, bal=86000.0, accno=101} 
DEBUG - executing flush 
DEBUG - registering flush begin 
DEBUG - registering flush end 
DEBUG - post flush 
DEBUG - before transaction completion 
DEBUG - before transaction completion 
DEBUG - re-enabling autocommit 
DEBUG - committed JDBC Connection 
DEBUG - after transaction completion 
DEBUG - aggressively releasing JDBC connection 
DEBUG - releasing JDBC connection [ (open PreparedStatements: 0, globally: 0) (open ResultSets: 0, globally: 0)] 
DEBUG - returning connection to pool, pool size: 1 
DEBUG - after transaction completion 
DEBUG - Triggering afterCommit synchronization 
DEBUG - Triggering afterCompletion synchronization 
DEBUG - Clearing transaction synchronization 
DEBUG - Removed value [org.springframework.orm.jpa.EntityManagerHolder@7edb01] for key [org.springframework.orm.jpa.LocalEntityManagerFactoryBean@152aa10] from thread [main] 
DEBUG - Closing JPA EntityManager [org.hibernate.ejb.EntityManagerImpl@1c78f06] after transaction 
DEBUG - Closing JPA EntityManager 
DEBUG - closing session 
DEBUG - connection already null in cleanup : no action 
DEBUG - Creating new transaction with name [null]: PROPAGATION_REQUIRED,ISOLATION_DEFAULT 
DEBUG - Opened new EntityManager [org.hibernate.ejb.EntityManagerImpl@1920b2b] for JPA transaction 
DEBUG - opened session at timestamp: 14561705098 
DEBUG - begin 
DEBUG - opening JDBC connection 
DEBUG - total checked-out connections: 0 
DEBUG - using pooled JDBC connection, pool size: 0 
DEBUG - current autocommit status: true 
DEBUG - disabling autocommit 
DEBUG - after transaction begin 
DEBUG - Bound value [org.springframework.orm.jpa.EntityManagerHolder@11b6e4d] for key [org.springframework.orm.jpa.LocalEntityManagerFactoryBean@152aa10] to thread [main] 
DEBUG - Initializing transaction synchronization 
DEBUG - Retrieved value [org.springframework.orm.jpa.EntityManagerHolder@11b6e4d] for key [org.springframework.orm.jpa.LocalEntityManagerFactoryBean@152aa10] bound to thread [main] 
DEBUG - loading entity: [com.spring.transaction.jpa.Account#102] 
DEBUG - creating new proxy for entity 
DEBUG - initializing proxy: [com.spring.transaction.jpa.Account#102] 
DEBUG - attempting to resolve: [com.spring.transaction.jpa.Account#102] 
DEBUG - object not resolved in any cache: [com.spring.transaction.jpa.Account#102] 
DEBUG - Fetching entity: [com.spring.transaction.jpa.Account#102] 
DEBUG - loading entity: [com.spring.transaction.jpa.Account#102] 
DEBUG - about to open PreparedStatement (open PreparedStatements: 0, globally: 0) 
DEBUG - select account0_.accno as accno0_0_, account0_.atype as atype0_0_, account0_.bal as bal0_0_ from accounts account0_ where account0_.accno=? 
DEBUG - preparing statement 
DEBUG - binding '102' to parameter: 1 
DEBUG - about to open ResultSet (open ResultSets: 0, globally: 0) 
DEBUG - processing result set 
DEBUG - result set row: 0 
DEBUG - result row: EntityKey[com.spring.transaction.jpa.Account#102] 
DEBUG - Initializing object from ResultSet: [com.spring.transaction.jpa.Account#102] 
DEBUG - Hydrating entity: [com.spring.transaction.jpa.Account#102] 
DEBUG - returning 'CA' as column: atype0_0_ 
DEBUG - returning '25000.0' as column: bal0_0_ 
DEBUG - done processing result set (1 rows) 
DEBUG - about to close ResultSet (open ResultSets: 1, globally: 1) 
DEBUG - about to close PreparedStatement (open PreparedStatements: 1, globally: 1) 
DEBUG - closing statement 
DEBUG - total objects hydrated: 1 
DEBUG - resolving associations for [com.spring.transaction.jpa.Account#102] 
DEBUG - done materializing entity [com.spring.transaction.jpa.Account#102] 
DEBUG - initializing non-lazy collections 
DEBUG - done entity load 
DEBUG - Triggering beforeCommit synchronization 
DEBUG - Triggering beforeCompletion synchronization 
DEBUG - Initiating transaction commit 
DEBUG - Committing JPA transaction on EntityManager [org.hibernate.ejb.EntityManagerImpl@1920b2b] 
DEBUG - commit 
DEBUG - automatically flushing session 
DEBUG - flushing session 
DEBUG - processing flush-time cascades 
DEBUG - processing cascade ACTION_PERSIST_ON_FLUSH for: com.spring.transaction.jpa.Account 
DEBUG - done processing cascade ACTION_PERSIST_ON_FLUSH for: com.spring.transaction.jpa.Account 
DEBUG - dirty checking collections 
DEBUG - Flushing entities and processing referenced collections 
DEBUG - Processing unreferenced collections 
DEBUG - Scheduling collection removes/(re)creates/updates 
DEBUG - Flushed: 0 insertions, 0 updates, 0 deletions to 1 objects 
DEBUG - Flushed: 0 (re)creations, 0 updates, 0 removals to 0 collections 
DEBUG - listing entities: 
DEBUG - com.spring.transaction.jpa.Account{atype=CA, bal=25000.0, accno=102} 
DEBUG - executing flush 
DEBUG - registering flush begin 
DEBUG - registering flush end 
DEBUG - post flush 
DEBUG - before transaction completion 
DEBUG - before transaction completion 
DEBUG - re-enabling autocommit 
DEBUG - committed JDBC Connection 
DEBUG - after transaction completion 
DEBUG - aggressively releasing JDBC connection 
DEBUG - releasing JDBC connection [ (open PreparedStatements: 0, globally: 0) (open ResultSets: 0, globally: 0)] 
DEBUG - returning connection to pool, pool size: 1 
DEBUG - after transaction completion 
DEBUG - Triggering afterCommit synchronization 
DEBUG - Triggering afterCompletion synchronization 
DEBUG - Clearing transaction synchronization 
DEBUG - Removed value [org.springframework.orm.jpa.EntityManagerHolder@11b6e4d] for key [org.springframework.orm.jpa.LocalEntityManagerFactoryBean@152aa10] from thread [main] 
DEBUG - Closing JPA EntityManager [org.hibernate.ejb.EntityManagerImpl@1920b2b] after transaction 
DEBUG - Closing JPA EntityManager 
DEBUG - closing session 
DEBUG - connection already null in cleanup : no action 
DEBUG - Creating new transaction with name [null]: PROPAGATION_REQUIRED,ISOLATION_DEFAULT 
DEBUG - Opened new EntityManager [org.hibernate.ejb.EntityManagerImpl@1e21b7f] for JPA transaction 
DEBUG - opened session at timestamp: 14561705098 
DEBUG - begin 
DEBUG - opening JDBC connection 
DEBUG - total checked-out connections: 0 
DEBUG - using pooled JDBC connection, pool size: 0 
DEBUG - current autocommit status: true 
DEBUG - disabling autocommit 
DEBUG - after transaction begin 
DEBUG - Bound value [org.springframework.orm.jpa.EntityManagerHolder@17b5f00] for key [org.springframework.orm.jpa.LocalEntityManagerFactoryBean@152aa10] to thread [main] 
DEBUG - Initializing transaction synchronization 
DEBUG - Retrieved value [org.springframework.orm.jpa.EntityManagerHolder@17b5f00] for key [org.springframework.orm.jpa.LocalEntityManagerFactoryBean@152aa10] bound to thread [main] 
DEBUG - loading entity: [com.spring.transaction.jpa.Account#103] 
DEBUG - creating new proxy for entity 
DEBUG - initializing proxy: [com.spring.transaction.jpa.Account#103] 
DEBUG - attempting to resolve: [com.spring.transaction.jpa.Account#103] 
DEBUG - object not resolved in any cache: [com.spring.transaction.jpa.Account#103] 
DEBUG - Fetching entity: [com.spring.transaction.jpa.Account#103] 
DEBUG - loading entity: [com.spring.transaction.jpa.Account#103] 
DEBUG - about to open PreparedStatement (open PreparedStatements: 0, globally: 0) 
DEBUG - select account0_.accno as accno0_0_, account0_.atype as atype0_0_, account0_.bal as bal0_0_ from accounts account0_ where account0_.accno=? 
DEBUG - preparing statement 
DEBUG - binding '103' to parameter: 1 
DEBUG - about to open ResultSet (open ResultSets: 0, globally: 0) 
DEBUG - processing result set 
DEBUG - result set row: 0 
DEBUG - result row: EntityKey[com.spring.transaction.jpa.Account#103] 
DEBUG - Initializing object from ResultSet: [com.spring.transaction.jpa.Account#103] 
DEBUG - Hydrating entity: [com.spring.transaction.jpa.Account#103] 
DEBUG - returning 'SA' as column: atype0_0_ 
DEBUG - returning '15000.0' as column: bal0_0_ 
DEBUG - done processing result set (1 rows) 
DEBUG - about to close ResultSet (open ResultSets: 1, globally: 1) 
DEBUG - about to close PreparedStatement (open PreparedStatements: 1, globally: 1) 
DEBUG - closing statement 
DEBUG - total objects hydrated: 1 
DEBUG - resolving associations for [com.spring.transaction.jpa.Account#103] 
DEBUG - done materializing entity [com.spring.transaction.jpa.Account#103] 
DEBUG - initializing non-lazy collections 
DEBUG - done entity load 
DEBUG - Triggering beforeCommit synchronization 
DEBUG - Triggering beforeCompletion synchronization 
DEBUG - Initiating transaction commit 
DEBUG - Committing JPA transaction on EntityManager [org.hibernate.ejb.EntityManagerImpl@1e21b7f] 
DEBUG - commit 
DEBUG - automatically flushing session 
DEBUG - flushing session 
DEBUG - processing flush-time cascades 
DEBUG - processing cascade ACTION_PERSIST_ON_FLUSH for: com.spring.transaction.jpa.Account 
DEBUG - done processing cascade ACTION_PERSIST_ON_FLUSH for: com.spring.transaction.jpa.Account 
DEBUG - dirty checking collections 
DEBUG - Flushing entities and processing referenced collections 
DEBUG - Processing unreferenced collections 
DEBUG - Scheduling collection removes/(re)creates/updates 
DEBUG - Flushed: 0 insertions, 0 updates, 0 deletions to 1 objects 
DEBUG - Flushed: 0 (re)creations, 0 updates, 0 removals to 0 collections 
DEBUG - listing entities: 
DEBUG - com.spring.transaction.jpa.Account{atype=SA, bal=15000.0, accno=103} 
DEBUG - executing flush 
DEBUG - registering flush begin 
DEBUG - registering flush end 
DEBUG - post flush 
DEBUG - before transaction completion 
DEBUG - before transaction completion 
DEBUG - re-enabling autocommit 
DEBUG - committed JDBC Connection 
DEBUG - after transaction completion 
DEBUG - aggressively releasing JDBC connection 
DEBUG - releasing JDBC connection [ (open PreparedStatements: 0, globally: 0) (open ResultSets: 0, globally: 0)] 
DEBUG - returning connection to pool, pool size: 1 
DEBUG - after transaction completion 
DEBUG - Triggering afterCommit synchronization 
DEBUG - Triggering afterCompletion synchronization 
DEBUG - Clearing transaction synchronization 
DEBUG - Removed value [org.springframework.orm.jpa.EntityManagerHolder@17b5f00] for key [org.springframework.orm.jpa.LocalEntityManagerFactoryBean@152aa10] from thread [main] 
DEBUG - Closing JPA EntityManager [org.hibernate.ejb.EntityManagerImpl@1e21b7f] after transaction 
DEBUG - Closing JPA EntityManager 
DEBUG - closing session 
DEBUG - connection already null in cleanup : no action 
DEBUG - Creating new transaction with name [null]: PROPAGATION_REQUIRED,ISOLATION_DEFAULT 
DEBUG - Opened new EntityManager [org.hibernate.ejb.EntityManagerImpl@1cd5540] for JPA transaction 
DEBUG - opened session at timestamp: 14561705098 
DEBUG - begin 
DEBUG - opening JDBC connection 
DEBUG - total checked-out connections: 0 
DEBUG - using pooled JDBC connection, pool size: 0 
DEBUG - current autocommit status: true 
DEBUG - disabling autocommit 
DEBUG - after transaction begin 
DEBUG - Bound value [org.springframework.orm.jpa.EntityManagerHolder@1981e4d] for key [org.springframework.orm.jpa.LocalEntityManagerFactoryBean@152aa10] to thread [main] 
DEBUG - Initializing transaction synchronization 
DEBUG - Retrieved value [org.springframework.orm.jpa.EntityManagerHolder@1981e4d] for key [org.springframework.orm.jpa.LocalEntityManagerFactoryBean@152aa10] bound to thread [main] 
DEBUG - loading entity: [com.spring.transaction.jpa.Account#101] 
DEBUG - creating new proxy for entity 
DEBUG - initializing proxy: [com.spring.transaction.jpa.Account#101] 
DEBUG - attempting to resolve: [com.spring.transaction.jpa.Account#101] 
DEBUG - object not resolved in any cache: [com.spring.transaction.jpa.Account#101] 
DEBUG - Fetching entity: [com.spring.transaction.jpa.Account#101] 
DEBUG - loading entity: [com.spring.transaction.jpa.Account#101] 
DEBUG - about to open PreparedStatement (open PreparedStatements: 0, globally: 0) 
DEBUG - select account0_.accno as accno0_0_, account0_.atype as atype0_0_, account0_.bal as bal0_0_ from accounts account0_ where account0_.accno=? 
DEBUG - preparing statement 
DEBUG - binding '101' to parameter: 1 
DEBUG - about to open ResultSet (open ResultSets: 0, globally: 0) 
DEBUG - processing result set 
DEBUG - result set row: 0 
DEBUG - result row: EntityKey[com.spring.transaction.jpa.Account#101] 
DEBUG - Initializing object from ResultSet: [com.spring.transaction.jpa.Account#101] 
DEBUG - Hydrating entity: [com.spring.transaction.jpa.Account#101] 
DEBUG - returning 'SA' as column: atype0_0_ 
DEBUG - returning '86000.0' as column: bal0_0_ 
DEBUG - done processing result set (1 rows) 
DEBUG - about to close ResultSet (open ResultSets: 1, globally: 1) 
DEBUG - about to close PreparedStatement (open PreparedStatements: 1, globally: 1) 
DEBUG - closing statement 
DEBUG - total objects hydrated: 1 
DEBUG - resolving associations for [com.spring.transaction.jpa.Account#101] 
DEBUG - done materializing entity [com.spring.transaction.jpa.Account#101] 
DEBUG - initializing non-lazy collections 
DEBUG - done entity load 
DEBUG - Triggering beforeCommit synchronization 
DEBUG - Triggering beforeCompletion synchronization 
DEBUG - Initiating transaction commit 
DEBUG - Committing JPA transaction on EntityManager [org.hibernate.ejb.EntityManagerImpl@1cd5540] 
DEBUG - commit 
DEBUG - automatically flushing session 
DEBUG - flushing session 
DEBUG - processing flush-time cascades 
DEBUG - processing cascade ACTION_PERSIST_ON_FLUSH for: com.spring.transaction.jpa.Account 
DEBUG - done processing cascade ACTION_PERSIST_ON_FLUSH for: com.spring.transaction.jpa.Account 
DEBUG - dirty checking collections 
DEBUG - Flushing entities and processing referenced collections 
DEBUG - Processing unreferenced collections 
DEBUG - Scheduling collection removes/(re)creates/updates 
DEBUG - Flushed: 0 insertions, 0 updates, 0 deletions to 1 objects 
DEBUG - Flushed: 0 (re)creations, 0 updates, 0 removals to 0 collections 
DEBUG - listing entities: 
DEBUG - com.spring.transaction.jpa.Account{atype=SA, bal=86000.0, accno=101} 
DEBUG - executing flush 
DEBUG - registering flush begin 
DEBUG - registering flush end 
DEBUG - post flush 
DEBUG - before transaction completion 
DEBUG - before transaction completion 
DEBUG - re-enabling autocommit 
DEBUG - committed JDBC Connection 
DEBUG - after transaction completion 
DEBUG - aggressively releasing JDBC connection 
DEBUG - releasing JDBC connection [ (open PreparedStatements: 0, globally: 0) (open ResultSets: 0, globally: 0)] 
DEBUG - returning connection to pool, pool size: 1 
DEBUG - after transaction completion 
DEBUG - Triggering afterCommit synchronization 
DEBUG - Triggering afterCompletion synchronization 
DEBUG - Clearing transaction synchronization 
DEBUG - Removed value [org.springframework.orm.jpa.EntityManagerHolder@1981e4d] for key [org.springframework.orm.jpa.LocalEntityManagerFactoryBean@152aa10] from thread [main] 
DEBUG - Closing JPA EntityManager [org.hibernate.ejb.EntityManagerImpl@1cd5540] after transaction 
DEBUG - Closing JPA EntityManager 
DEBUG - closing session 
DEBUG - connection already null in cleanup : no action 
DEBUG - Creating new transaction with name [null]: PROPAGATION_REQUIRED,ISOLATION_DEFAULT 
DEBUG - Opened new EntityManager [org.hibernate.ejb.EntityManagerImpl@cc9aa3] for JPA transaction 
DEBUG - opened session at timestamp: 14561705098 
DEBUG - begin 
DEBUG - opening JDBC connection 
DEBUG - total checked-out connections: 0 
DEBUG - using pooled JDBC connection, pool size: 0 
DEBUG - current autocommit status: true 
DEBUG - disabling autocommit 
DEBUG - after transaction begin 
DEBUG - Bound value [org.springframework.orm.jpa.EntityManagerHolder@bc7a1c] for key [org.springframework.orm.jpa.LocalEntityManagerFactoryBean@152aa10] to thread [main] 
DEBUG - Initializing transaction synchronization 
DEBUG - Retrieved value [org.springframework.orm.jpa.EntityManagerHolder@bc7a1c] for key [org.springframework.orm.jpa.LocalEntityManagerFactoryBean@152aa10] bound to thread [main] 
DEBUG - loading entity: [com.spring.transaction.jpa.Account#101] 
DEBUG - creating new proxy for entity 
DEBUG - initializing proxy: [com.spring.transaction.jpa.Account#101] 
DEBUG - attempting to resolve: [com.spring.transaction.jpa.Account#101] 
DEBUG - object not resolved in any cache: [com.spring.transaction.jpa.Account#101] 
DEBUG - Fetching entity: [com.spring.transaction.jpa.Account#101] 
DEBUG - loading entity: [com.spring.transaction.jpa.Account#101] 
DEBUG - about to open PreparedStatement (open PreparedStatements: 0, globally: 0) 
DEBUG - select account0_.accno as accno0_0_, account0_.atype as atype0_0_, account0_.bal as bal0_0_ from accounts account0_ where account0_.accno=? 
DEBUG - preparing statement 
DEBUG - binding '101' to parameter: 1 
DEBUG - about to open ResultSet (open ResultSets: 0, globally: 0) 
DEBUG - processing result set 
DEBUG - result set row: 0 
DEBUG - result row: EntityKey[com.spring.transaction.jpa.Account#101] 
DEBUG - Initializing object from ResultSet: [com.spring.transaction.jpa.Account#101] 
DEBUG - Hydrating entity: [com.spring.transaction.jpa.Account#101] 
DEBUG - returning 'SA' as column: atype0_0_ 
DEBUG - returning '86000.0' as column: bal0_0_ 
DEBUG - done processing result set (1 rows) 
DEBUG - about to close ResultSet (open ResultSets: 1, globally: 1) 
DEBUG - about to close PreparedStatement (open PreparedStatements: 1, globally: 1) 
DEBUG - closing statement 
DEBUG - total objects hydrated: 1 
DEBUG - resolving associations for [com.spring.transaction.jpa.Account#101] 
DEBUG - done materializing entity [com.spring.transaction.jpa.Account#101] 
DEBUG - initializing non-lazy collections 
DEBUG - done entity load 
DEBUG - Retrieved value [org.springframework.orm.jpa.EntityManagerHolder@bc7a1c] for key [org.springframework.orm.jpa.LocalEntityManagerFactoryBean@152aa10] bound to thread [main] 
DEBUG - persistent instance of: com.spring.transaction.jpa.Account 
DEBUG - ignoring persistent instance 
DEBUG - Retrieved value [org.springframework.orm.jpa.EntityManagerHolder@bc7a1c] for key [org.springframework.orm.jpa.LocalEntityManagerFactoryBean@152aa10] bound to thread [main] 
DEBUG - loading entity: [com.spring.transaction.jpa.Account#103] 
DEBUG - creating new proxy for entity 
DEBUG - initializing proxy: [com.spring.transaction.jpa.Account#103] 
DEBUG - attempting to resolve: [com.spring.transaction.jpa.Account#103] 
DEBUG - object not resolved in any cache: [com.spring.transaction.jpa.Account#103] 
DEBUG - Fetching entity: [com.spring.transaction.jpa.Account#103] 
DEBUG - loading entity: [com.spring.transaction.jpa.Account#103] 
DEBUG - about to open PreparedStatement (open PreparedStatements: 0, globally: 0) 
DEBUG - select account0_.accno as accno0_0_, account0_.atype as atype0_0_, account0_.bal as bal0_0_ from accounts account0_ where account0_.accno=? 
DEBUG - preparing statement 
DEBUG - binding '103' to parameter: 1 
DEBUG - about to open ResultSet (open ResultSets: 0, globally: 0) 
DEBUG - processing result set 
DEBUG - result set row: 0 
DEBUG - result row: EntityKey[com.spring.transaction.jpa.Account#103] 
DEBUG - Initializing object from ResultSet: [com.spring.transaction.jpa.Account#103] 
DEBUG - Hydrating entity: [com.spring.transaction.jpa.Account#103] 
DEBUG - returning 'SA' as column: atype0_0_ 
DEBUG - returning '15000.0' as column: bal0_0_ 
DEBUG - done processing result set (1 rows) 
DEBUG - about to close ResultSet (open ResultSets: 1, globally: 1) 
DEBUG - about to close PreparedStatement (open PreparedStatements: 1, globally: 1) 
DEBUG - closing statement 
DEBUG - total objects hydrated: 1 
DEBUG - resolving associations for [com.spring.transaction.jpa.Account#103] 
DEBUG - done materializing entity [com.spring.transaction.jpa.Account#103] 
DEBUG - initializing non-lazy collections 
DEBUG - done entity load 
DEBUG - Triggering beforeCompletion synchronization 
DEBUG - Initiating transaction rollback 
DEBUG - Rolling back JPA transaction on EntityManager [org.hibernate.ejb.EntityManagerImpl@cc9aa3] 
DEBUG - rollback 
DEBUG - re-enabling autocommit 
DEBUG - rolled back JDBC Connection 
DEBUG - after transaction completion 
DEBUG - aggressively releasing JDBC connection 
DEBUG - releasing JDBC connection [ (open PreparedStatements: 0, globally: 0) (open ResultSets: 0, globally: 0)] 
DEBUG - returning connection to pool, pool size: 1 
DEBUG - after transaction completion 
DEBUG - Triggering afterCompletion synchronization 
DEBUG - Clearing transaction synchronization 
DEBUG - Removed value [org.springframework.orm.jpa.EntityManagerHolder@bc7a1c] for key [org.springframework.orm.jpa.LocalEntityManagerFactoryBean@152aa10] from thread [main] 
DEBUG - Closing JPA EntityManager [org.hibernate.ejb.EntityManagerImpl@cc9aa3] after transaction 
DEBUG - Closing JPA EntityManager 
DEBUG - closing session 
DEBUG - connection already null in cleanup : no action 
DEBUG - Creating new transaction with name [null]: PROPAGATION_REQUIRED,ISOLATION_DEFAULT 
DEBUG - Opened new EntityManager [org.hibernate.ejb.EntityManagerImpl@143c677] for JPA transaction 
DEBUG - opened session at timestamp: 14561705098 
DEBUG - begin 
DEBUG - opening JDBC connection 
DEBUG - total checked-out connections: 0 
DEBUG - using pooled JDBC connection, pool size: 0 
DEBUG - current autocommit status: true 
DEBUG - disabling autocommit 
DEBUG - after transaction begin 
DEBUG - Bound value [org.springframework.orm.jpa.EntityManagerHolder@9ab468] for key [org.springframework.orm.jpa.LocalEntityManagerFactoryBean@152aa10] to thread [main] 
DEBUG - Initializing transaction synchronization 
DEBUG - Retrieved value [org.springframework.orm.jpa.EntityManagerHolder@9ab468] for key [org.springframework.orm.jpa.LocalEntityManagerFactoryBean@152aa10] bound to thread [main] 
DEBUG - loading entity: [com.spring.transaction.jpa.Account#103] 
DEBUG - creating new proxy for entity 
DEBUG - initializing proxy: [com.spring.transaction.jpa.Account#103] 
DEBUG - attempting to resolve: [com.spring.transaction.jpa.Account#103] 
DEBUG - object not resolved in any cache: [com.spring.transaction.jpa.Account#103] 
DEBUG - Fetching entity: [com.spring.transaction.jpa.Account#103] 
DEBUG - loading entity: [com.spring.transaction.jpa.Account#103] 
DEBUG - about to open PreparedStatement (open PreparedStatements: 0, globally: 0) 
DEBUG - select account0_.accno as accno0_0_, account0_.atype as atype0_0_, account0_.bal as bal0_0_ from accounts account0_ where account0_.accno=? 
DEBUG - preparing statement 
DEBUG - binding '103' to parameter: 1 
DEBUG - about to open ResultSet (open ResultSets: 0, globally: 0) 
DEBUG - processing result set 
DEBUG - result set row: 0 
DEBUG - result row: EntityKey[com.spring.transaction.jpa.Account#103] 
DEBUG - Initializing object from ResultSet: [com.spring.transaction.jpa.Account#103] 
DEBUG - Hydrating entity: [com.spring.transaction.jpa.Account#103] 
DEBUG - returning 'SA' as column: atype0_0_ 
DEBUG - returning '15000.0' as column: bal0_0_ 
DEBUG - done processing result set (1 rows) 
DEBUG - about to close ResultSet (open ResultSets: 1, globally: 1) 
DEBUG - about to close PreparedStatement (open PreparedStatements: 1, globally: 1) 
DEBUG - closing statement 
DEBUG - total objects hydrated: 1 
DEBUG - resolving associations for [com.spring.transaction.jpa.Account#103] 
DEBUG - done materializing entity [com.spring.transaction.jpa.Account#103] 
DEBUG - initializing non-lazy collections 
DEBUG - done entity load 
DEBUG - Triggering beforeCommit synchronization 
DEBUG - Triggering beforeCompletion synchronization 
DEBUG - Initiating transaction commit 
DEBUG - Committing JPA transaction on EntityManager [org.hibernate.ejb.EntityManagerImpl@143c677] 
DEBUG - commit 
DEBUG - automatically flushing session 
DEBUG - flushing session 
DEBUG - processing flush-time cascades 
DEBUG - processing cascade ACTION_PERSIST_ON_FLUSH for: com.spring.transaction.jpa.Account 
DEBUG - done processing cascade ACTION_PERSIST_ON_FLUSH for: com.spring.transaction.jpa.Account 
DEBUG - dirty checking collections 
DEBUG - Flushing entities and processing referenced collections 
DEBUG - Processing unreferenced collections 
DEBUG - Scheduling collection removes/(re)creates/updates 
DEBUG - Flushed: 0 insertions, 0 updates, 0 deletions to 1 objects 
DEBUG - Flushed: 0 (re)creations, 0 updates, 0 removals to 0 collections 
DEBUG - listing entities: 
DEBUG - com.spring.transaction.jpa.Account{atype=SA, bal=15000.0, accno=103} 
DEBUG - executing flush 
DEBUG - registering flush begin 
DEBUG - registering flush end 
DEBUG - post flush 
DEBUG - before transaction completion 
DEBUG - before transaction completion 
DEBUG - re-enabling autocommit 
DEBUG - committed JDBC Connection 
DEBUG - after transaction completion 
DEBUG - aggressively releasing JDBC connection 
DEBUG - releasing JDBC connection [ (open PreparedStatements: 0, globally: 0) (open ResultSets: 0, globally: 0)] 
DEBUG - returning connection to pool, pool size: 1 
DEBUG - after transaction completion 
DEBUG - Triggering afterCommit synchronization 
DEBUG - Triggering afterCompletion synchronization 
DEBUG - Clearing transaction synchronization 
DEBUG - Removed value [org.springframework.orm.jpa.EntityManagerHolder@9ab468] for key [org.springframework.orm.jpa.LocalEntityManagerFactoryBean@152aa10] from thread [main] 
DEBUG - Closing JPA EntityManager [org.hibernate.ejb.EntityManagerImpl@143c677] after transaction 
DEBUG - Closing JPA EntityManager 
DEBUG - closing session 
DEBUG - connection already null in cleanup : no action 
DEBUG - Creating new transaction with name [null]: PROPAGATION_REQUIRED,ISOLATION_DEFAULT 
DEBUG - Opened new EntityManager [org.hibernate.ejb.EntityManagerImpl@113af5] for JPA transaction 
DEBUG - opened session at timestamp: 14561705098 
DEBUG - begin 
DEBUG - opening JDBC connection 
DEBUG - total checked-out connections: 0 
DEBUG - using pooled JDBC connection, pool size: 0 
DEBUG - current autocommit status: true 
DEBUG - disabling autocommit 
DEBUG - after transaction begin 
DEBUG - Bound value [org.springframework.orm.jpa.EntityManagerHolder@135d0d0] for key [org.springframework.orm.jpa.LocalEntityManagerFactoryBean@152aa10] to thread [main] 
DEBUG - Initializing transaction synchronization 
DEBUG - Retrieved value [org.springframework.orm.jpa.EntityManagerHolder@135d0d0] for key [org.springframework.orm.jpa.LocalEntityManagerFactoryBean@152aa10] bound to thread [main] 
DEBUG - loading entity: [com.spring.transaction.jpa.Account#101] 
DEBUG - creating new proxy for entity 
DEBUG - initializing proxy: [com.spring.transaction.jpa.Account#101] 
DEBUG - attempting to resolve: [com.spring.transaction.jpa.Account#101] 
DEBUG - object not resolved in any cache: [com.spring.transaction.jpa.Account#101] 
DEBUG - Fetching entity: [com.spring.transaction.jpa.Account#101] 
DEBUG - loading entity: [com.spring.transaction.jpa.Account#101] 
DEBUG - about to open PreparedStatement (open PreparedStatements: 0, globally: 0) 
DEBUG - select account0_.accno as accno0_0_, account0_.atype as atype0_0_, account0_.bal as bal0_0_ from accounts account0_ where account0_.accno=? 
DEBUG - preparing statement 
DEBUG - binding '101' to parameter: 1 
DEBUG - about to open ResultSet (open ResultSets: 0, globally: 0) 
DEBUG - processing result set 
DEBUG - result set row: 0 
DEBUG - result row: EntityKey[com.spring.transaction.jpa.Account#101] 
DEBUG - Initializing object from ResultSet: [com.spring.transaction.jpa.Account#101] 
DEBUG - Hydrating entity: [com.spring.transaction.jpa.Account#101] 
DEBUG - returning 'SA' as column: atype0_0_ 
DEBUG - returning '86000.0' as column: bal0_0_ 
DEBUG - done processing result set (1 rows) 
DEBUG - about to close ResultSet (open ResultSets: 1, globally: 1) 
DEBUG - about to close PreparedStatement (open PreparedStatements: 1, globally: 1) 
DEBUG - closing statement 
DEBUG - total objects hydrated: 1 
DEBUG - resolving associations for [com.spring.transaction.jpa.Account#101] 
DEBUG - done materializing entity [com.spring.transaction.jpa.Account#101] 
DEBUG - initializing non-lazy collections 
DEBUG - done entity load 
DEBUG - Triggering beforeCommit synchronization 
DEBUG - Triggering beforeCompletion synchronization 
DEBUG - Initiating transaction commit 
DEBUG - Committing JPA transaction on EntityManager [org.hibernate.ejb.EntityManagerImpl@113af5] 
DEBUG - commit 
DEBUG - automatically flushing session 
DEBUG - flushing session 
DEBUG - processing flush-time cascades 
DEBUG - processing cascade ACTION_PERSIST_ON_FLUSH for: com.spring.transaction.jpa.Account 
DEBUG - done processing cascade ACTION_PERSIST_ON_FLUSH for: com.spring.transaction.jpa.Account 
DEBUG - dirty checking collections 
DEBUG - Flushing entities and processing referenced collections 
DEBUG - Processing unreferenced collections 
DEBUG - Scheduling collection removes/(re)creates/updates 
DEBUG - Flushed: 0 insertions, 0 updates, 0 deletions to 1 objects 
DEBUG - Flushed: 0 (re)creations, 0 updates, 0 removals to 0 collections 
DEBUG - listing entities: 
DEBUG - com.spring.transaction.jpa.Account{atype=SA, bal=86000.0, accno=101} 
DEBUG - executing flush 
DEBUG - registering flush begin 
DEBUG - registering flush end 
DEBUG - post flush 
DEBUG - before transaction completion 
DEBUG - before transaction completion 
DEBUG - re-enabling autocommit 
DEBUG - committed JDBC Connection 
DEBUG - after transaction completion 
DEBUG - aggressively releasing JDBC connection 
DEBUG - releasing JDBC connection [ (open PreparedStatements: 0, globally: 0) (open ResultSets: 0, globally: 0)] 
DEBUG - returning connection to pool, pool size: 1 
DEBUG - after transaction completion 
DEBUG - Triggering afterCommit synchronization 
DEBUG - Triggering afterCompletion synchronization 
DEBUG - Clearing transaction synchronization 
DEBUG - Removed value [org.springframework.orm.jpa.EntityManagerHolder@135d0d0] for key [org.springframework.orm.jpa.LocalEntityManagerFactoryBean@152aa10] from thread [main] 
DEBUG - Closing JPA EntityManager [org.hibernate.ejb.EntityManagerImpl@113af5] after transaction 
DEBUG - Closing JPA EntityManager 
DEBUG - closing session 
DEBUG - connection already null in cleanup : no action 
