INFO - Refreshing org.springframework.context.support.ClassPathXmlApplicationContext@1327b79: startup date [Wed Feb 24 01:58:35 IST 2016]; root of context hierarchy 
INFO - Loading XML bean definitions from class path resource [jlcindia.xml] 
DEBUG - Using JAXP provider [com.sun.org.apache.xerces.internal.jaxp.DocumentBuilderFactoryImpl] 
DEBUG - Trying to resolve XML entity with public id [null] and system id [http://www.springframework.org/schema/beans/spring-beans-3.0.xsd] 
DEBUG - Loading schema mappings from [META-INF/spring.schemas] 
DEBUG - Loaded schema mappings: {http://www.springframework.org/schema/oxm/spring-oxm-3.0.xsd=org/springframework/oxm/config/spring-oxm-3.0.xsd, http://www.springframework.org/schema/util/spring-util.xsd=org/springframework/beans/factory/xml/spring-util-3.0.xsd, http://www.springframework.org/schema/jms/spring-jms-3.0.xsd=org/springframework/jms/config/spring-jms-3.0.xsd, http://www.springframework.org/schema/task/spring-task.xsd=org/springframework/scheduling/config/spring-task-3.0.xsd, http://www.springframework.org/schema/aop/spring-aop-3.0.xsd=org/springframework/aop/config/spring-aop-3.0.xsd, http://www.springframework.org/schema/aop/spring-aop-2.0.xsd=org/springframework/aop/config/spring-aop-2.0.xsd, http://www.springframework.org/schema/oxm/spring-oxm.xsd=org/springframework/oxm/config/spring-oxm-3.0.xsd, http://www.springframework.org/schema/tool/spring-tool-2.5.xsd=org/springframework/beans/factory/xml/spring-tool-2.5.xsd, http://www.springframework.org/schema/beans/spring-beans.xsd=org/springframework/beans/factory/xml/spring-beans-3.0.xsd, http://www.springframework.org/schema/jee/spring-jee-2.5.xsd=org/springframework/ejb/config/spring-jee-2.5.xsd, http://www.springframework.org/schema/aop/spring-aop.xsd=org/springframework/aop/config/spring-aop-3.0.xsd, http://www.springframework.org/schema/beans/spring-beans-2.0.xsd=org/springframework/beans/factory/xml/spring-beans-2.0.xsd, http://www.springframework.org/schema/mvc/spring-mvc-3.0.xsd=org/springframework/web/servlet/config/spring-mvc-3.0.xsd, http://www.springframework.org/schema/beans/spring-beans-3.0.xsd=org/springframework/beans/factory/xml/spring-beans-3.0.xsd, http://www.springframework.org/schema/task/spring-task-3.0.xsd=org/springframework/scheduling/config/spring-task-3.0.xsd, http://www.springframework.org/schema/tx/spring-tx-2.5.xsd=org/springframework/transaction/config/spring-tx-2.5.xsd, http://www.springframework.org/schema/context/spring-context-2.5.xsd=org/springframework/context/config/spring-context-2.5.xsd, http://www.springframework.org/schema/jdbc/spring-jdbc-3.0.xsd=org/springframework/jdbc/config/spring-jdbc-3.0.xsd, http://www.springframework.org/schema/tool/spring-tool-3.0.xsd=org/springframework/beans/factory/xml/spring-tool-3.0.xsd, http://www.springframework.org/schema/tx/spring-tx.xsd=org/springframework/transaction/config/spring-tx-3.0.xsd, http://www.springframework.org/schema/tool/spring-tool-2.0.xsd=org/springframework/beans/factory/xml/spring-tool-2.0.xsd, http://www.springframework.org/schema/util/spring-util-2.5.xsd=org/springframework/beans/factory/xml/spring-util-2.5.xsd, http://www.springframework.org/schema/lang/spring-lang.xsd=org/springframework/scripting/config/spring-lang-3.0.xsd, http://www.springframework.org/schema/lang/spring-lang-2.5.xsd=org/springframework/scripting/config/spring-lang-2.5.xsd, http://www.springframework.org/schema/jee/spring-jee-3.0.xsd=org/springframework/ejb/config/spring-jee-3.0.xsd, http://www.springframework.org/schema/jee/spring-jee-2.0.xsd=org/springframework/ejb/config/spring-jee-2.0.xsd, http://www.springframework.org/schema/context/spring-context.xsd=org/springframework/context/config/spring-context-3.0.xsd, http://www.springframework.org/schema/jee/spring-jee.xsd=org/springframework/ejb/config/spring-jee-3.0.xsd, http://www.springframework.org/schema/jms/spring-jms-2.5.xsd=org/springframework/jms/config/spring-jms-2.5.xsd, http://www.springframework.org/schema/jms/spring-jms.xsd=org/springframework/jms/config/spring-jms-3.0.xsd, http://www.springframework.org/schema/aop/spring-aop-2.5.xsd=org/springframework/aop/config/spring-aop-2.5.xsd, http://www.springframework.org/schema/mvc/spring-mvc.xsd=org/springframework/web/servlet/config/spring-mvc-3.0.xsd, http://www.springframework.org/schema/jdbc/spring-jdbc.xsd=org/springframework/jdbc/config/spring-jdbc-3.0.xsd, http://www.springframework.org/schema/tx/spring-tx-2.0.xsd=org/springframework/transaction/config/spring-tx-2.0.xsd, http://www.springframework.org/schema/tx/spring-tx-3.0.xsd=org/springframework/transaction/config/spring-tx-3.0.xsd, http://www.springframework.org/schema/context/spring-context-3.0.xsd=org/springframework/context/config/spring-context-3.0.xsd, http://www.springframework.org/schema/tool/spring-tool.xsd=org/springframework/beans/factory/xml/spring-tool-3.0.xsd, http://www.springframework.org/schema/util/spring-util-3.0.xsd=org/springframework/beans/factory/xml/spring-util-3.0.xsd, http://www.springframework.org/schema/lang/spring-lang-3.0.xsd=org/springframework/scripting/config/spring-lang-3.0.xsd, http://www.springframework.org/schema/util/spring-util-2.0.xsd=org/springframework/beans/factory/xml/spring-util-2.0.xsd, http://www.springframework.org/schema/lang/spring-lang-2.0.xsd=org/springframework/scripting/config/spring-lang-2.0.xsd, http://www.springframework.org/schema/beans/spring-beans-2.5.xsd=org/springframework/beans/factory/xml/spring-beans-2.5.xsd} 
DEBUG - Found XML schema [http://www.springframework.org/schema/beans/spring-beans-3.0.xsd] in classpath: org/springframework/beans/factory/xml/spring-beans-3.0.xsd 
DEBUG - Loading bean definitions 
DEBUG - Loaded 5 bean definitions from location pattern [jlcindia.xml] 
DEBUG - Bean factory for org.springframework.context.support.ClassPathXmlApplicationContext@1327b79: org.springframework.beans.factory.support.DefaultListableBeanFactory@82ba1e: defining beans [ao1,ao2,bo,bobj,hello]; root of factory hierarchy 
DEBUG - Unable to locate MessageSource with name 'messageSource': using default [org.springframework.context.support.DelegatingMessageSource@cbfb61] 
DEBUG - Unable to locate ApplicationEventMulticaster with name 'applicationEventMulticaster': using default [org.springframework.context.event.SimpleApplicationEventMulticaster@203ea1] 
INFO - Pre-instantiating singletons in org.springframework.beans.factory.support.DefaultListableBeanFactory@82ba1e: defining beans [ao1,ao2,bo,bobj,hello]; root of factory hierarchy 
DEBUG - Creating shared instance of singleton bean 'ao1' 
DEBUG - Creating instance of bean 'ao1' 
DEBUG - Eagerly caching bean 'ao1' to allow for resolving potential circular references 
DEBUG - Getting BeanInfo for class [com.jlcindia.spring.A] 
DEBUG - Caching PropertyDescriptors for class [com.jlcindia.spring.A] 
DEBUG - Found bean property 'a' of type [int] 
DEBUG - Found bean property 'class' of type [java.lang.Class] 
DEBUG - Found bean property 'msg' of type [java.lang.String] 
DEBUG - Converting String to [int] using property editor [org.springframework.beans.propertyeditors.CustomNumberEditor@eff760] 
DEBUG - Finished creating instance of bean 'ao1' 
DEBUG - Creating shared instance of singleton bean 'ao2' 
DEBUG - Creating instance of bean 'ao2' 
DEBUG - Eagerly caching bean 'ao2' to allow for resolving potential circular references 
DEBUG - Converting String to [int] using property editor [org.springframework.beans.propertyeditors.CustomNumberEditor@8b7f67] 
DEBUG - Finished creating instance of bean 'ao2' 
DEBUG - Creating shared instance of singleton bean 'bo' 
DEBUG - Creating instance of bean 'bo' 
DEBUG - Converting String to [int] using property editor [org.springframework.beans.propertyeditors.CustomNumberEditor@e2cbe0] 
DEBUG - Eagerly caching bean 'bo' to allow for resolving potential circular references 
DEBUG - Finished creating instance of bean 'bo' 
DEBUG - Creating shared instance of singleton bean 'bobj' 
DEBUG - Creating instance of bean 'bobj' 
DEBUG - Converting String to [int] using property editor [org.springframework.beans.propertyeditors.CustomNumberEditor@193948d] 
DEBUG - Eagerly caching bean 'bobj' to allow for resolving potential circular references 
DEBUG - Finished creating instance of bean 'bobj' 
DEBUG - Creating shared instance of singleton bean 'hello' 
DEBUG - Creating instance of bean 'hello' 
DEBUG - Returning cached instance of singleton bean 'ao1' 
DEBUG - Returning cached instance of singleton bean 'ao2' 
DEBUG - Ignoring constructor [public com.jlcindia.spring.Hello(com.jlcindia.spring.A,com.jlcindia.spring.B)] of bean 'hello': org.springframework.beans.factory.UnsatisfiedDependencyException: Error creating bean with name 'hello' defined in class path resource [jlcindia.xml]: Unsatisfied dependency expressed through constructor argument with index 0 of type [com.jlcindia.spring.A]: : No unique bean of type [com.jlcindia.spring.A] is defined: expected single matching bean but found 2: [ao1, ao2]; nested exception is org.springframework.beans.factory.NoSuchBeanDefinitionException: No unique bean of type [com.jlcindia.spring.A] is defined: expected single matching bean but found 2: [ao1, ao2] 
DEBUG - Returning cached instance of singleton bean 'ao1' 
DEBUG - Returning cached instance of singleton bean 'ao2' 
DEBUG - Ignoring constructor [public com.jlcindia.spring.Hello(com.jlcindia.spring.A)] of bean 'hello': org.springframework.beans.factory.UnsatisfiedDependencyException: Error creating bean with name 'hello' defined in class path resource [jlcindia.xml]: Unsatisfied dependency expressed through constructor argument with index 0 of type [com.jlcindia.spring.A]: : No unique bean of type [com.jlcindia.spring.A] is defined: expected single matching bean but found 2: [ao1, ao2]; nested exception is org.springframework.beans.factory.NoSuchBeanDefinitionException: No unique bean of type [com.jlcindia.spring.A] is defined: expected single matching bean but found 2: [ao1, ao2] 
DEBUG - Returning cached instance of singleton bean 'bo' 
DEBUG - Returning cached instance of singleton bean 'bobj' 
DEBUG - Autowiring by type from bean name 'hello' via constructor to bean named 'bobj' 
DEBUG - Eagerly caching bean 'hello' to allow for resolving potential circular references 
DEBUG - Finished creating instance of bean 'hello' 
DEBUG - Unable to locate LifecycleProcessor with name 'lifecycleProcessor': using default [org.springframework.context.support.DefaultLifecycleProcessor@167c1fc] 
DEBUG - Returning cached instance of singleton bean 'lifecycleProcessor' 
DEBUG - Publishing event in org.springframework.context.support.ClassPathXmlApplicationContext@1327b79: org.springframework.context.event.ContextRefreshedEvent[source=org.springframework.context.support.ClassPathXmlApplicationContext@1327b79: startup date [Wed Feb 24 01:58:35 IST 2016]; root of context hierarchy] 
DEBUG - Returning cached instance of singleton bean 'hello' 
INFO - Refreshing org.springframework.context.support.ClassPathXmlApplicationContext@1327b79: startup date [Wed Feb 24 01:59:45 IST 2016]; root of context hierarchy 
INFO - Loading XML bean definitions from class path resource [jlcindia.xml] 
DEBUG - Using JAXP provider [com.sun.org.apache.xerces.internal.jaxp.DocumentBuilderFactoryImpl] 
DEBUG - Trying to resolve XML entity with public id [null] and system id [http://www.springframework.org/schema/beans/spring-beans-3.0.xsd] 
DEBUG - Loading schema mappings from [META-INF/spring.schemas] 
DEBUG - Loaded schema mappings: {http://www.springframework.org/schema/oxm/spring-oxm-3.0.xsd=org/springframework/oxm/config/spring-oxm-3.0.xsd, http://www.springframework.org/schema/util/spring-util.xsd=org/springframework/beans/factory/xml/spring-util-3.0.xsd, http://www.springframework.org/schema/jms/spring-jms-3.0.xsd=org/springframework/jms/config/spring-jms-3.0.xsd, http://www.springframework.org/schema/task/spring-task.xsd=org/springframework/scheduling/config/spring-task-3.0.xsd, http://www.springframework.org/schema/aop/spring-aop-3.0.xsd=org/springframework/aop/config/spring-aop-3.0.xsd, http://www.springframework.org/schema/aop/spring-aop-2.0.xsd=org/springframework/aop/config/spring-aop-2.0.xsd, http://www.springframework.org/schema/oxm/spring-oxm.xsd=org/springframework/oxm/config/spring-oxm-3.0.xsd, http://www.springframework.org/schema/tool/spring-tool-2.5.xsd=org/springframework/beans/factory/xml/spring-tool-2.5.xsd, http://www.springframework.org/schema/beans/spring-beans.xsd=org/springframework/beans/factory/xml/spring-beans-3.0.xsd, http://www.springframework.org/schema/jee/spring-jee-2.5.xsd=org/springframework/ejb/config/spring-jee-2.5.xsd, http://www.springframework.org/schema/aop/spring-aop.xsd=org/springframework/aop/config/spring-aop-3.0.xsd, http://www.springframework.org/schema/beans/spring-beans-2.0.xsd=org/springframework/beans/factory/xml/spring-beans-2.0.xsd, http://www.springframework.org/schema/mvc/spring-mvc-3.0.xsd=org/springframework/web/servlet/config/spring-mvc-3.0.xsd, http://www.springframework.org/schema/beans/spring-beans-3.0.xsd=org/springframework/beans/factory/xml/spring-beans-3.0.xsd, http://www.springframework.org/schema/task/spring-task-3.0.xsd=org/springframework/scheduling/config/spring-task-3.0.xsd, http://www.springframework.org/schema/tx/spring-tx-2.5.xsd=org/springframework/transaction/config/spring-tx-2.5.xsd, http://www.springframework.org/schema/context/spring-context-2.5.xsd=org/springframework/context/config/spring-context-2.5.xsd, http://www.springframework.org/schema/jdbc/spring-jdbc-3.0.xsd=org/springframework/jdbc/config/spring-jdbc-3.0.xsd, http://www.springframework.org/schema/tool/spring-tool-3.0.xsd=org/springframework/beans/factory/xml/spring-tool-3.0.xsd, http://www.springframework.org/schema/tx/spring-tx.xsd=org/springframework/transaction/config/spring-tx-3.0.xsd, http://www.springframework.org/schema/tool/spring-tool-2.0.xsd=org/springframework/beans/factory/xml/spring-tool-2.0.xsd, http://www.springframework.org/schema/util/spring-util-2.5.xsd=org/springframework/beans/factory/xml/spring-util-2.5.xsd, http://www.springframework.org/schema/lang/spring-lang.xsd=org/springframework/scripting/config/spring-lang-3.0.xsd, http://www.springframework.org/schema/lang/spring-lang-2.5.xsd=org/springframework/scripting/config/spring-lang-2.5.xsd, http://www.springframework.org/schema/jee/spring-jee-3.0.xsd=org/springframework/ejb/config/spring-jee-3.0.xsd, http://www.springframework.org/schema/jee/spring-jee-2.0.xsd=org/springframework/ejb/config/spring-jee-2.0.xsd, http://www.springframework.org/schema/context/spring-context.xsd=org/springframework/context/config/spring-context-3.0.xsd, http://www.springframework.org/schema/jee/spring-jee.xsd=org/springframework/ejb/config/spring-jee-3.0.xsd, http://www.springframework.org/schema/jms/spring-jms-2.5.xsd=org/springframework/jms/config/spring-jms-2.5.xsd, http://www.springframework.org/schema/jms/spring-jms.xsd=org/springframework/jms/config/spring-jms-3.0.xsd, http://www.springframework.org/schema/aop/spring-aop-2.5.xsd=org/springframework/aop/config/spring-aop-2.5.xsd, http://www.springframework.org/schema/mvc/spring-mvc.xsd=org/springframework/web/servlet/config/spring-mvc-3.0.xsd, http://www.springframework.org/schema/jdbc/spring-jdbc.xsd=org/springframework/jdbc/config/spring-jdbc-3.0.xsd, http://www.springframework.org/schema/tx/spring-tx-2.0.xsd=org/springframework/transaction/config/spring-tx-2.0.xsd, http://www.springframework.org/schema/tx/spring-tx-3.0.xsd=org/springframework/transaction/config/spring-tx-3.0.xsd, http://www.springframework.org/schema/context/spring-context-3.0.xsd=org/springframework/context/config/spring-context-3.0.xsd, http://www.springframework.org/schema/tool/spring-tool.xsd=org/springframework/beans/factory/xml/spring-tool-3.0.xsd, http://www.springframework.org/schema/util/spring-util-3.0.xsd=org/springframework/beans/factory/xml/spring-util-3.0.xsd, http://www.springframework.org/schema/lang/spring-lang-3.0.xsd=org/springframework/scripting/config/spring-lang-3.0.xsd, http://www.springframework.org/schema/util/spring-util-2.0.xsd=org/springframework/beans/factory/xml/spring-util-2.0.xsd, http://www.springframework.org/schema/lang/spring-lang-2.0.xsd=org/springframework/scripting/config/spring-lang-2.0.xsd, http://www.springframework.org/schema/beans/spring-beans-2.5.xsd=org/springframework/beans/factory/xml/spring-beans-2.5.xsd} 
DEBUG - Found XML schema [http://www.springframework.org/schema/beans/spring-beans-3.0.xsd] in classpath: org/springframework/beans/factory/xml/spring-beans-3.0.xsd 
DEBUG - Loading bean definitions 
DEBUG - Loaded 5 bean definitions from location pattern [jlcindia.xml] 
DEBUG - Bean factory for org.springframework.context.support.ClassPathXmlApplicationContext@1327b79: org.springframework.beans.factory.support.DefaultListableBeanFactory@82ba1e: defining beans [ao1,ao2,bo,bobj,hello]; root of factory hierarchy 
DEBUG - Unable to locate MessageSource with name 'messageSource': using default [org.springframework.context.support.DelegatingMessageSource@cbfb61] 
DEBUG - Unable to locate ApplicationEventMulticaster with name 'applicationEventMulticaster': using default [org.springframework.context.event.SimpleApplicationEventMulticaster@203ea1] 
INFO - Pre-instantiating singletons in org.springframework.beans.factory.support.DefaultListableBeanFactory@82ba1e: defining beans [ao1,ao2,bo,bobj,hello]; root of factory hierarchy 
DEBUG - Creating shared instance of singleton bean 'ao1' 
DEBUG - Creating instance of bean 'ao1' 
DEBUG - Eagerly caching bean 'ao1' to allow for resolving potential circular references 
DEBUG - Getting BeanInfo for class [com.jlcindia.spring.A] 
DEBUG - Caching PropertyDescriptors for class [com.jlcindia.spring.A] 
DEBUG - Found bean property 'a' of type [int] 
DEBUG - Found bean property 'class' of type [java.lang.Class] 
DEBUG - Found bean property 'msg' of type [java.lang.String] 
DEBUG - Converting String to [int] using property editor [org.springframework.beans.propertyeditors.CustomNumberEditor@eff760] 
DEBUG - Finished creating instance of bean 'ao1' 
DEBUG - Creating shared instance of singleton bean 'ao2' 
DEBUG - Creating instance of bean 'ao2' 
DEBUG - Eagerly caching bean 'ao2' to allow for resolving potential circular references 
DEBUG - Converting String to [int] using property editor [org.springframework.beans.propertyeditors.CustomNumberEditor@8b7f67] 
DEBUG - Finished creating instance of bean 'ao2' 
DEBUG - Creating shared instance of singleton bean 'bo' 
DEBUG - Creating instance of bean 'bo' 
DEBUG - Converting String to [int] using property editor [org.springframework.beans.propertyeditors.CustomNumberEditor@e2cbe0] 
DEBUG - Eagerly caching bean 'bo' to allow for resolving potential circular references 
DEBUG - Finished creating instance of bean 'bo' 
DEBUG - Creating shared instance of singleton bean 'bobj' 
DEBUG - Creating instance of bean 'bobj' 
DEBUG - Converting String to [int] using property editor [org.springframework.beans.propertyeditors.CustomNumberEditor@193948d] 
DEBUG - Eagerly caching bean 'bobj' to allow for resolving potential circular references 
DEBUG - Finished creating instance of bean 'bobj' 
DEBUG - Creating shared instance of singleton bean 'hello' 
DEBUG - Creating instance of bean 'hello' 
DEBUG - Returning cached instance of singleton bean 'ao1' 
DEBUG - Returning cached instance of singleton bean 'ao2' 
DEBUG - Ignoring constructor [public com.jlcindia.spring.Hello(com.jlcindia.spring.A,com.jlcindia.spring.B)] of bean 'hello': org.springframework.beans.factory.UnsatisfiedDependencyException: Error creating bean with name 'hello' defined in class path resource [jlcindia.xml]: Unsatisfied dependency expressed through constructor argument with index 0 of type [com.jlcindia.spring.A]: : No unique bean of type [com.jlcindia.spring.A] is defined: expected single matching bean but found 2: [ao1, ao2]; nested exception is org.springframework.beans.factory.NoSuchBeanDefinitionException: No unique bean of type [com.jlcindia.spring.A] is defined: expected single matching bean but found 2: [ao1, ao2] 
DEBUG - Returning cached instance of singleton bean 'ao1' 
DEBUG - Returning cached instance of singleton bean 'ao2' 
DEBUG - Ignoring constructor [public com.jlcindia.spring.Hello(com.jlcindia.spring.A)] of bean 'hello': org.springframework.beans.factory.UnsatisfiedDependencyException: Error creating bean with name 'hello' defined in class path resource [jlcindia.xml]: Unsatisfied dependency expressed through constructor argument with index 0 of type [com.jlcindia.spring.A]: : No unique bean of type [com.jlcindia.spring.A] is defined: expected single matching bean but found 2: [ao1, ao2]; nested exception is org.springframework.beans.factory.NoSuchBeanDefinitionException: No unique bean of type [com.jlcindia.spring.A] is defined: expected single matching bean but found 2: [ao1, ao2] 
DEBUG - Returning cached instance of singleton bean 'bo' 
DEBUG - Returning cached instance of singleton bean 'bobj' 
DEBUG - Autowiring by type from bean name 'hello' via constructor to bean named 'bobj' 
DEBUG - Eagerly caching bean 'hello' to allow for resolving potential circular references 
DEBUG - Finished creating instance of bean 'hello' 
DEBUG - Unable to locate LifecycleProcessor with name 'lifecycleProcessor': using default [org.springframework.context.support.DefaultLifecycleProcessor@167c1fc] 
DEBUG - Returning cached instance of singleton bean 'lifecycleProcessor' 
DEBUG - Publishing event in org.springframework.context.support.ClassPathXmlApplicationContext@1327b79: org.springframework.context.event.ContextRefreshedEvent[source=org.springframework.context.support.ClassPathXmlApplicationContext@1327b79: startup date [Wed Feb 24 01:59:45 IST 2016]; root of context hierarchy] 
DEBUG - Returning cached instance of singleton bean 'hello' 
